Starting audit...
[ERROR] /Users/apple/6047_ADS2/ADS-2-assignments/m2/2.1 CC_Percolation/Solution.java:6:1: File contains tab characters (this is the first instance). [FileTabCharacter]
Audit done.
Checkstyle ends with 1 errors.
Starting audit...
Audit done.
Starting audit...
[ERROR] /Users/apple/6047_ADS2/ADS-2-assignments/m2/2.1 CC_Percolation/Graph.java:0: File does not end with a newline. [NewlineAtEndOfFile]
[ERROR] /Users/apple/6047_ADS2/ADS-2-assignments/m2/2.1 CC_Percolation/Graph.java:3: Missing a Javadoc comment. [JavadocType]
[ERROR] /Users/apple/6047_ADS2/ADS-2-assignments/m2/2.1 CC_Percolation/Graph.java:4:5: Missing a Javadoc comment. [JavadocVariable]
[ERROR] /Users/apple/6047_ADS2/ADS-2-assignments/m2/2.1 CC_Percolation/Graph.java:6:5: Missing a Javadoc comment. [JavadocVariable]
[ERROR] /Users/apple/6047_ADS2/ADS-2-assignments/m2/2.1 CC_Percolation/Graph.java:6:23: Name 'V' must match pattern '^[a-z][a-zA-Z0-9]*$'. [MemberName]
[ERROR] /Users/apple/6047_ADS2/ADS-2-assignments/m2/2.1 CC_Percolation/Graph.java:7:5: Missing a Javadoc comment. [JavadocVariable]
[ERROR] /Users/apple/6047_ADS2/ADS-2-assignments/m2/2.1 CC_Percolation/Graph.java:7:17: Name 'E' must match pattern '^[a-z][a-zA-Z0-9]*$'. [MemberName]
[ERROR] /Users/apple/6047_ADS2/ADS-2-assignments/m2/2.1 CC_Percolation/Graph.java:8:5: Missing a Javadoc comment. [JavadocVariable]
[ERROR] /Users/apple/6047_ADS2/ADS-2-assignments/m2/2.1 CC_Percolation/Graph.java:11:5: Missing a Javadoc comment. [JavadocMethod]
[ERROR] /Users/apple/6047_ADS2/ADS-2-assignments/m2/2.1 CC_Percolation/Graph.java:11:18: Parameter V should be final. [FinalParameters]
[ERROR] /Users/apple/6047_ADS2/ADS-2-assignments/m2/2.1 CC_Percolation/Graph.java:11:22: 'V' hides a field. [HiddenField]
[ERROR] /Users/apple/6047_ADS2/ADS-2-assignments/m2/2.1 CC_Percolation/Graph.java:11:22: Name 'V' must match pattern '^[a-z][a-zA-Z0-9]*$'. [ParameterName]
[ERROR] /Users/apple/6047_ADS2/ADS-2-assignments/m2/2.1 CC_Percolation/Graph.java:12: 'if' construct must use '{}'s. [NeedBraces]
[ERROR] /Users/apple/6047_ADS2/ADS-2-assignments/m2/2.1 CC_Percolation/Graph.java:19:5: Class 'Graph' looks like designed for extension (can be subclassed), but the method 'V' does not have javadoc that explains how to do that safely. If class is not designed for extension consider making the class 'Graph' final or making the method 'V' static/final/abstract/empty, or adding allowed annotation for the method. [DesignForExtension]
[ERROR] /Users/apple/6047_ADS2/ADS-2-assignments/m2/2.1 CC_Percolation/Graph.java:19:16: Name 'V' must match pattern '^[a-z][a-zA-Z0-9]*$'. [MethodName]
[ERROR] /Users/apple/6047_ADS2/ADS-2-assignments/m2/2.1 CC_Percolation/Graph.java:19:20: '{' at column 20 should have line break after. [LeftCurly]
[ERROR] /Users/apple/6047_ADS2/ADS-2-assignments/m2/2.1 CC_Percolation/Graph.java:20:5: Class 'Graph' looks like designed for extension (can be subclassed), but the method 'E' does not have javadoc that explains how to do that safely. If class is not designed for extension consider making the class 'Graph' final or making the method 'E' static/final/abstract/empty, or adding allowed annotation for the method. [DesignForExtension]
[ERROR] /Users/apple/6047_ADS2/ADS-2-assignments/m2/2.1 CC_Percolation/Graph.java:20:16: Name 'E' must match pattern '^[a-z][a-zA-Z0-9]*$'. [MethodName]
[ERROR] /Users/apple/6047_ADS2/ADS-2-assignments/m2/2.1 CC_Percolation/Graph.java:20:20: '{' at column 20 should have line break after. [LeftCurly]
[ERROR] /Users/apple/6047_ADS2/ADS-2-assignments/m2/2.1 CC_Percolation/Graph.java:24:5: Class 'Graph' looks like designed for extension (can be subclassed), but the method 'addEdge' does not have javadoc that explains how to do that safely. If class is not designed for extension consider making the class 'Graph' final or making the method 'addEdge' static/final/abstract/empty, or adding allowed annotation for the method. [DesignForExtension]
[ERROR] /Users/apple/6047_ADS2/ADS-2-assignments/m2/2.1 CC_Percolation/Graph.java:24:5: Missing a Javadoc comment. [JavadocMethod]
[ERROR] /Users/apple/6047_ADS2/ADS-2-assignments/m2/2.1 CC_Percolation/Graph.java:24:25: Parameter v should be final. [FinalParameters]
[ERROR] /Users/apple/6047_ADS2/ADS-2-assignments/m2/2.1 CC_Percolation/Graph.java:24:32: Parameter w should be final. [FinalParameters]
[ERROR] /Users/apple/6047_ADS2/ADS-2-assignments/m2/2.1 CC_Percolation/Graph.java:25: 'if' construct must use '{}'s. [NeedBraces]
[ERROR] /Users/apple/6047_ADS2/ADS-2-assignments/m2/2.1 CC_Percolation/Graph.java:31:5: Class 'Graph' looks like designed for extension (can be subclassed), but the method 'contains' does not have javadoc that explains how to do that safely. If class is not designed for extension consider making the class 'Graph' final or making the method 'contains' static/final/abstract/empty, or adding allowed annotation for the method. [DesignForExtension]
[ERROR] /Users/apple/6047_ADS2/ADS-2-assignments/m2/2.1 CC_Percolation/Graph.java:31:5: Missing a Javadoc comment. [JavadocMethod]
[ERROR] /Users/apple/6047_ADS2/ADS-2-assignments/m2/2.1 CC_Percolation/Graph.java:31:29: Parameter v should be final. [FinalParameters]
[ERROR] /Users/apple/6047_ADS2/ADS-2-assignments/m2/2.1 CC_Percolation/Graph.java:31:36: Parameter w should be final. [FinalParameters]
[ERROR] /Users/apple/6047_ADS2/ADS-2-assignments/m2/2.1 CC_Percolation/Graph.java:36:5: Class 'Graph' looks like designed for extension (can be subclassed), but the method 'adj' does not have javadoc that explains how to do that safely. If class is not designed for extension consider making the class 'Graph' final or making the method 'adj' static/final/abstract/empty, or adding allowed annotation for the method. [DesignForExtension]
[ERROR] /Users/apple/6047_ADS2/ADS-2-assignments/m2/2.1 CC_Percolation/Graph.java:36:5: Missing a Javadoc comment. [JavadocMethod]
[ERROR] /Users/apple/6047_ADS2/ADS-2-assignments/m2/2.1 CC_Percolation/Graph.java:36:34: Parameter v should be final. [FinalParameters]
[ERROR] /Users/apple/6047_ADS2/ADS-2-assignments/m2/2.1 CC_Percolation/Graph.java:41: Missing a Javadoc comment. [JavadocType]
[ERROR] /Users/apple/6047_ADS2/ADS-2-assignments/m2/2.1 CC_Percolation/Graph.java:42:9: Missing a Javadoc comment. [JavadocVariable]
[ERROR] /Users/apple/6047_ADS2/ADS-2-assignments/m2/2.1 CC_Percolation/Graph.java:43:9: Missing a Javadoc comment. [JavadocVariable]
[ERROR] /Users/apple/6047_ADS2/ADS-2-assignments/m2/2.1 CC_Percolation/Graph.java:45:9: Missing a Javadoc comment. [JavadocMethod]
[ERROR] /Users/apple/6047_ADS2/ADS-2-assignments/m2/2.1 CC_Percolation/Graph.java:45:21: Parameter v should be final. [FinalParameters]
[ERROR] /Users/apple/6047_ADS2/ADS-2-assignments/m2/2.1 CC_Percolation/Graph.java:45:25: 'v' hides a field. [HiddenField]
[ERROR] /Users/apple/6047_ADS2/ADS-2-assignments/m2/2.1 CC_Percolation/Graph.java:49:9: Missing a Javadoc comment. [JavadocMethod]
[ERROR] /Users/apple/6047_ADS2/ADS-2-assignments/m2/2.1 CC_Percolation/Graph.java:53:9: Missing a Javadoc comment. [JavadocMethod]
[ERROR] /Users/apple/6047_ADS2/ADS-2-assignments/m2/2.1 CC_Percolation/Graph.java:55: 'if' construct must use '{}'s. [NeedBraces]
[ERROR] /Users/apple/6047_ADS2/ADS-2-assignments/m2/2.1 CC_Percolation/Graph.java:61:9: Missing a Javadoc comment. [JavadocMethod]
[ERROR] /Users/apple/6047_ADS2/ADS-2-assignments/m2/2.1 CC_Percolation/Graph.java:68:9: Missing a Javadoc comment. [JavadocMethod]
[ERROR] /Users/apple/6047_ADS2/ADS-2-assignments/m2/2.1 CC_Percolation/Graph.java:75:5: Class 'Graph' looks like designed for extension (can be subclassed), but the method 'toString' does not have javadoc that explains how to do that safely. If class is not designed for extension consider making the class 'Graph' final or making the method 'toString' static/final/abstract/empty, or adding allowed annotation for the method. [DesignForExtension]
[ERROR] /Users/apple/6047_ADS2/ADS-2-assignments/m2/2.1 CC_Percolation/Graph.java:75:5: Missing a Javadoc comment. [JavadocMethod]
Audit done.
Checkstyle ends with 44 errors.
Starting audit...
Audit done.
Starting audit...
Audit done.
