Starting audit...
[ERROR] /Users/apple/6047_ADS2/ADS-2-assignments/m12/ADS-2_Exam-2/Solution.java:0: File does not end with a newline. [NewlineAtEndOfFile]
[ERROR] /Users/apple/6047_ADS2/ADS-2-assignments/m12/ADS-2_Exam-2/Solution.java:6: Class Solution should be declared as final. [FinalClass]
[ERROR] /Users/apple/6047_ADS2/ADS-2-assignments/m12/ADS-2_Exam-2/Solution.java:7:1: File contains tab characters (this is the first instance). [FileTabCharacter]
[ERROR] /Users/apple/6047_ADS2/ADS-2-assignments/m12/ADS-2_Exam-2/Solution.java:27:20: 'for' is not followed by whitespace. [WhitespaceAround]
[ERROR] /Users/apple/6047_ADS2/ADS-2-assignments/m12/ADS-2_Exam-2/Solution.java:29: Line is longer than 80 characters (found 83). [LineLength]
[ERROR] /Users/apple/6047_ADS2/ADS-2-assignments/m12/ADS-2_Exam-2/Solution.java:46: Line is longer than 80 characters (found 92). [LineLength]
[ERROR] /Users/apple/6047_ADS2/ADS-2-assignments/m12/ADS-2_Exam-2/Solution.java:46:23: 'if' is not followed by whitespace. [WhitespaceAround]
[ERROR] /Users/apple/6047_ADS2/ADS-2-assignments/m12/ADS-2_Exam-2/Solution.java:51: Line is longer than 80 characters (found 90). [LineLength]
[ERROR] /Users/apple/6047_ADS2/ADS-2-assignments/m12/ADS-2_Exam-2/Solution.java:58: Line is longer than 80 characters (found 87). [LineLength]
[ERROR] /Users/apple/6047_ADS2/ADS-2-assignments/m12/ADS-2_Exam-2/Solution.java:59: Line is longer than 80 characters (found 110). [LineLength]
[ERROR] /Users/apple/6047_ADS2/ADS-2-assignments/m12/ADS-2_Exam-2/Solution.java:70: Line is longer than 80 characters (found 83). [LineLength]
[ERROR] /Users/apple/6047_ADS2/ADS-2-assignments/m12/ADS-2_Exam-2/Solution.java:79:20: 'for' is not followed by whitespace. [WhitespaceAround]
[ERROR] /Users/apple/6047_ADS2/ADS-2-assignments/m12/ADS-2_Exam-2/Solution.java:80:23: 'if' is not followed by whitespace. [WhitespaceAround]
[ERROR] /Users/apple/6047_ADS2/ADS-2-assignments/m12/ADS-2_Exam-2/Solution.java:88:20: 'for' is not followed by whitespace. [WhitespaceAround]
[ERROR] /Users/apple/6047_ADS2/ADS-2-assignments/m12/ADS-2_Exam-2/Solution.java:89:27: 'if' is not followed by whitespace. [WhitespaceAround]
[ERROR] /Users/apple/6047_ADS2/ADS-2-assignments/m12/ADS-2_Exam-2/Solution.java:94: Line is longer than 80 characters (found 98). [LineLength]
Audit done.
Checkstyle ends with 16 errors.
Starting audit...
Audit done.
Starting audit...
Audit done.
Starting audit...
Audit done.
Starting audit...
Audit done.
Starting audit...
Audit done.
Starting audit...
Audit done.
Starting audit...
[ERROR] /Users/apple/6047_ADS2/ADS-2-assignments/m12/ADS-2_Exam-2/EdgeWeightedGraph.java:143: Line is longer than 80 characters (found 81). [LineLength]
Audit done.
Checkstyle ends with 1 errors.
Starting audit...
[ERROR] /Users/apple/6047_ADS2/ADS-2-assignments/m12/ADS-2_Exam-2/Edge.java:112:8: Unused @param tag for 'e'. [JavadocMethod]
[ERROR] /Users/apple/6047_ADS2/ADS-2-assignments/m12/ADS-2_Exam-2/Edge.java:117:68: ';' is preceded with whitespace. [NoWhitespaceBefore]
[ERROR] /Users/apple/6047_ADS2/ADS-2-assignments/m12/ADS-2_Exam-2/Edge.java:119:5: Class 'Edge' looks like designed for extension (can be subclassed), but the method 'toEdge' does not have javadoc that explains how to do that safely. If class is not designed for extension consider making the class 'Edge' final or making the method 'toEdge' static/final/abstract/empty, or adding allowed annotation for the method. [DesignForExtension]
[ERROR] /Users/apple/6047_ADS2/ADS-2-assignments/m12/ADS-2_Exam-2/Edge.java:119:5: Missing a Javadoc comment. [JavadocMethod]
Audit done.
Checkstyle ends with 4 errors.
Starting audit...
Audit done.
Starting audit...
[ERROR] /Users/apple/6047_ADS2/ADS-2-assignments/m12/ADS-2_Exam-2/Stack.java:6: Line is longer than 80 characters (found 89). [LineLength]
[ERROR] /Users/apple/6047_ADS2/ADS-2-assignments/m12/ADS-2_Exam-2/Stack.java:7: Line is longer than 80 characters (found 87). [LineLength]
[ERROR] /Users/apple/6047_ADS2/ADS-2-assignments/m12/ADS-2_Exam-2/Stack.java:8: Line is longer than 80 characters (found 85). [LineLength]
[ERROR] /Users/apple/6047_ADS2/ADS-2-assignments/m12/ADS-2_Exam-2/Stack.java:15: Line is longer than 80 characters (found 88). [LineLength]
[ERROR] /Users/apple/6047_ADS2/ADS-2-assignments/m12/ADS-2_Exam-2/Stack.java:28:5: Missing a Javadoc comment. [JavadocVariable]
[ERROR] /Users/apple/6047_ADS2/ADS-2-assignments/m12/ADS-2_Exam-2/Stack.java:29:5: Missing a Javadoc comment. [JavadocVariable]
[ERROR] /Users/apple/6047_ADS2/ADS-2-assignments/m12/ADS-2_Exam-2/Stack.java:32: Missing a Javadoc comment. [JavadocType]
[ERROR] /Users/apple/6047_ADS2/ADS-2-assignments/m12/ADS-2_Exam-2/Stack.java:33:9: Missing a Javadoc comment. [JavadocVariable]
[ERROR] /Users/apple/6047_ADS2/ADS-2-assignments/m12/ADS-2_Exam-2/Stack.java:34:9: Missing a Javadoc comment. [JavadocVariable]
[ERROR] /Users/apple/6047_ADS2/ADS-2-assignments/m12/ADS-2_Exam-2/Stack.java:68:22: Parameter item should be final. [FinalParameters]
[ERROR] /Users/apple/6047_ADS2/ADS-2-assignments/m12/ADS-2_Exam-2/Stack.java:83: 'if' construct must use '{}'s. [NeedBraces]
[ERROR] /Users/apple/6047_ADS2/ADS-2-assignments/m12/ADS-2_Exam-2/Stack.java:98: 'if' construct must use '{}'s. [NeedBraces]
[ERROR] /Users/apple/6047_ADS2/ADS-2-assignments/m12/ADS-2_Exam-2/Stack.java:105: Line is longer than 80 characters (found 85). [LineLength]
[ERROR] /Users/apple/6047_ADS2/ADS-2-assignments/m12/ADS-2_Exam-2/Stack.java:115: Line has trailing spaces. [RegexpSingleline]
[ERROR] /Users/apple/6047_ADS2/ADS-2-assignments/m12/ADS-2_Exam-2/Stack.java:118: Line is longer than 80 characters (found 87). [LineLength]
[ERROR] /Users/apple/6047_ADS2/ADS-2-assignments/m12/ADS-2_Exam-2/Stack.java:120: Line is longer than 80 characters (found 86). [LineLength]
[ERROR] /Users/apple/6047_ADS2/ADS-2-assignments/m12/ADS-2_Exam-2/Stack.java:127: Missing a Javadoc comment. [JavadocType]
[ERROR] /Users/apple/6047_ADS2/ADS-2-assignments/m12/ADS-2_Exam-2/Stack.java:128:9: Missing a Javadoc comment. [JavadocVariable]
[ERROR] /Users/apple/6047_ADS2/ADS-2-assignments/m12/ADS-2_Exam-2/Stack.java:130:9: Missing a Javadoc comment. [JavadocMethod]
[ERROR] /Users/apple/6047_ADS2/ADS-2-assignments/m12/ADS-2_Exam-2/Stack.java:130:9: Redundant 'public' modifier. [RedundantModifier]
[ERROR] /Users/apple/6047_ADS2/ADS-2-assignments/m12/ADS-2_Exam-2/Stack.java:130:29: Parameter first should be final. [FinalParameters]
[ERROR] /Users/apple/6047_ADS2/ADS-2-assignments/m12/ADS-2_Exam-2/Stack.java:130:40: 'first' hides a field. [HiddenField]
[ERROR] /Users/apple/6047_ADS2/ADS-2-assignments/m12/ADS-2_Exam-2/Stack.java:134:9: Missing a Javadoc comment. [JavadocMethod]
[ERROR] /Users/apple/6047_ADS2/ADS-2-assignments/m12/ADS-2_Exam-2/Stack.java:138:9: Missing a Javadoc comment. [JavadocMethod]
[ERROR] /Users/apple/6047_ADS2/ADS-2-assignments/m12/ADS-2_Exam-2/Stack.java:142:9: Missing a Javadoc comment. [JavadocMethod]
[ERROR] /Users/apple/6047_ADS2/ADS-2-assignments/m12/ADS-2_Exam-2/Stack.java:143: 'if' construct must use '{}'s. [NeedBraces]
[ERROR] /Users/apple/6047_ADS2/ADS-2-assignments/m12/ADS-2_Exam-2/Stack.java:145: Line has trailing spaces. [RegexpSingleline]
Audit done.
Checkstyle ends with 27 errors.
