Starting audit...
[ERROR] /Users/apple/6047_ADS2/ADS-2-assignments/m18/ADS-2Exam-3/Solution.java:6: Missing a Javadoc comment. [JavadocType]
[ERROR] /Users/apple/6047_ADS2/ADS-2-assignments/m18/ADS-2Exam-3/Solution.java:6:1: Utility classes should not have a public or default constructor. [HideUtilityClassConstructor]
[ERROR] /Users/apple/6047_ADS2/ADS-2-assignments/m18/ADS-2Exam-3/Solution.java:8:1: File contains tab characters (this is the first instance). [FileTabCharacter]
[ERROR] /Users/apple/6047_ADS2/ADS-2-assignments/m18/ADS-2Exam-3/Solution.java:9:9: Missing a Javadoc comment. [JavadocMethod]
[ERROR] /Users/apple/6047_ADS2/ADS-2-assignments/m18/ADS-2Exam-3/Solution.java:9:33: Parameter args should be final. [FinalParameters]
[ERROR] /Users/apple/6047_ADS2/ADS-2-assignments/m18/ADS-2Exam-3/Solution.java:16: Line is longer than 80 characters (found 95). [LineLength]
[ERROR] /Users/apple/6047_ADS2/ADS-2-assignments/m18/ADS-2Exam-3/Solution.java:40: Line is longer than 80 characters (found 84). [LineLength]
[ERROR] /Users/apple/6047_ADS2/ADS-2-assignments/m18/ADS-2Exam-3/Solution.java:85:9: Missing a Javadoc comment. [JavadocMethod]
[ERROR] /Users/apple/6047_ADS2/ADS-2-assignments/m18/ADS-2Exam-3/Solution.java:85:43: Parameter file should be final. [FinalParameters]
[ERROR] /Users/apple/6047_ADS2/ADS-2-assignments/m18/ADS-2Exam-3/Solution.java:90: Line is longer than 80 characters (found 83). [LineLength]
[ERROR] /Users/apple/6047_ADS2/ADS-2-assignments/m18/ADS-2Exam-3/Solution.java:90:9: Missing a Javadoc comment. [JavadocMethod]
[ERROR] /Users/apple/6047_ADS2/ADS-2-assignments/m18/ADS-2Exam-3/Solution.java:90:70: Parameter file should be final. [FinalParameters]
[ERROR] /Users/apple/6047_ADS2/ADS-2-assignments/m18/ADS-2Exam-3/Solution.java:91: Line is longer than 80 characters (found 92). [LineLength]
[ERROR] /Users/apple/6047_ADS2/ADS-2-assignments/m18/ADS-2Exam-3/Solution.java:100:27: 'if' is not followed by whitespace. [WhitespaceAround]
[ERROR] /Users/apple/6047_ADS2/ADS-2-assignments/m18/ADS-2Exam-3/Solution.java:111: Missing a Javadoc comment. [JavadocType]
[ERROR] /Users/apple/6047_ADS2/ADS-2-assignments/m18/ADS-2Exam-3/Solution.java:112:9: Missing a Javadoc comment. [JavadocVariable]
[ERROR] /Users/apple/6047_ADS2/ADS-2-assignments/m18/ADS-2Exam-3/Solution.java:112:22: Variable 'trie' must be private and have accessor methods. [VisibilityModifier]
[ERROR] /Users/apple/6047_ADS2/ADS-2-assignments/m18/ADS-2Exam-3/Solution.java:113:9: Missing a Javadoc comment. [JavadocVariable]
[ERROR] /Users/apple/6047_ADS2/ADS-2-assignments/m18/ADS-2Exam-3/Solution.java:113:41: Variable 'st1' must be private and have accessor methods. [VisibilityModifier]
[ERROR] /Users/apple/6047_ADS2/ADS-2-assignments/m18/ADS-2Exam-3/Solution.java:114:9: Missing a Javadoc comment. [JavadocVariable]
[ERROR] /Users/apple/6047_ADS2/ADS-2-assignments/m18/ADS-2Exam-3/Solution.java:114:45: Variable 'hmap' must be private and have accessor methods. [VisibilityModifier]
[ERROR] /Users/apple/6047_ADS2/ADS-2-assignments/m18/ADS-2Exam-3/Solution.java:115:9: Missing a Javadoc comment. [JavadocVariable]
[ERROR] /Users/apple/6047_ADS2/ADS-2-assignments/m18/ADS-2Exam-3/Solution.java:115:16: Variable 'nw' must be private and have accessor methods. [VisibilityModifier]
[ERROR] /Users/apple/6047_ADS2/ADS-2-assignments/m18/ADS-2Exam-3/Solution.java:116:9: Missing a Javadoc comment. [JavadocVariable]
[ERROR] /Users/apple/6047_ADS2/ADS-2-assignments/m18/ADS-2Exam-3/Solution.java:116:23: Variable 'm' must be private and have accessor methods. [VisibilityModifier]
[ERROR] /Users/apple/6047_ADS2/ADS-2-assignments/m18/ADS-2Exam-3/Solution.java:118:9: Missing a Javadoc comment. [JavadocMethod]
[ERROR] /Users/apple/6047_ADS2/ADS-2-assignments/m18/ADS-2Exam-3/Solution.java:118:9: Redundant 'public' modifier. [RedundantModifier]
[ERROR] /Users/apple/6047_ADS2/ADS-2-assignments/m18/ADS-2Exam-3/Solution.java:118:19: Parameter st should be final. [FinalParameters]
[ERROR] /Users/apple/6047_ADS2/ADS-2-assignments/m18/ADS-2Exam-3/Solution.java:128:9: Missing a Javadoc comment. [JavadocMethod]
[ERROR] /Users/apple/6047_ADS2/ADS-2-assignments/m18/ADS-2Exam-3/Solution.java:128:45: Parameter prefix should be final. [FinalParameters]
[ERROR] /Users/apple/6047_ADS2/ADS-2-assignments/m18/ADS-2Exam-3/Solution.java:137:9: Missing a Javadoc comment. [JavadocMethod]
[ERROR] /Users/apple/6047_ADS2/ADS-2-assignments/m18/ADS-2Exam-3/Solution.java:137:48: Parameter t9Signature should be final. [FinalParameters]
[ERROR] /Users/apple/6047_ADS2/ADS-2-assignments/m18/ADS-2Exam-3/Solution.java:141:12: 'for' is not followed by whitespace. [WhitespaceAround]
[ERROR] /Users/apple/6047_ADS2/ADS-2-assignments/m18/ADS-2Exam-3/Solution.java:141:29: '9' is a magic number. [MagicNumber]
[ERROR] /Users/apple/6047_ADS2/ADS-2-assignments/m18/ADS-2Exam-3/Solution.java:148:22: '3' is a magic number. [MagicNumber]
[ERROR] /Users/apple/6047_ADS2/ADS-2-assignments/m18/ADS-2Exam-3/Solution.java:153:15: 'if' is not followed by whitespace. [WhitespaceAround]
[ERROR] /Users/apple/6047_ADS2/ADS-2-assignments/m18/ADS-2Exam-3/Solution.java:153:21: '4' is a magic number. [MagicNumber]
[ERROR] /Users/apple/6047_ADS2/ADS-2-assignments/m18/ADS-2Exam-3/Solution.java:158:15: 'if' is not followed by whitespace. [WhitespaceAround]
[ERROR] /Users/apple/6047_ADS2/ADS-2-assignments/m18/ADS-2Exam-3/Solution.java:158:21: '5' is a magic number. [MagicNumber]
[ERROR] /Users/apple/6047_ADS2/ADS-2-assignments/m18/ADS-2Exam-3/Solution.java:163:15: 'if' is not followed by whitespace. [WhitespaceAround]
[ERROR] /Users/apple/6047_ADS2/ADS-2-assignments/m18/ADS-2Exam-3/Solution.java:163:21: '6' is a magic number. [MagicNumber]
[ERROR] /Users/apple/6047_ADS2/ADS-2-assignments/m18/ADS-2Exam-3/Solution.java:168:15: 'if' is not followed by whitespace. [WhitespaceAround]
[ERROR] /Users/apple/6047_ADS2/ADS-2-assignments/m18/ADS-2Exam-3/Solution.java:168:21: '7' is a magic number. [MagicNumber]
[ERROR] /Users/apple/6047_ADS2/ADS-2-assignments/m18/ADS-2Exam-3/Solution.java:174:15: 'if' is not followed by whitespace. [WhitespaceAround]
[ERROR] /Users/apple/6047_ADS2/ADS-2-assignments/m18/ADS-2Exam-3/Solution.java:174:21: '8' is a magic number. [MagicNumber]
[ERROR] /Users/apple/6047_ADS2/ADS-2-assignments/m18/ADS-2Exam-3/Solution.java:179:15: 'if' is not followed by whitespace. [WhitespaceAround]
[ERROR] /Users/apple/6047_ADS2/ADS-2-assignments/m18/ADS-2Exam-3/Solution.java:179:21: '9' is a magic number. [MagicNumber]
[ERROR] /Users/apple/6047_ADS2/ADS-2-assignments/m18/ADS-2Exam-3/Solution.java:187: Line has trailing spaces. [RegexpSingleline]
[ERROR] /Users/apple/6047_ADS2/ADS-2-assignments/m18/ADS-2Exam-3/Solution.java:195:16: 'for' is not followed by whitespace. [WhitespaceAround]
[ERROR] /Users/apple/6047_ADS2/ADS-2-assignments/m18/ADS-2Exam-3/Solution.java:199:27: 'if' is not followed by whitespace. [WhitespaceAround]
[ERROR] /Users/apple/6047_ADS2/ADS-2-assignments/m18/ADS-2Exam-3/Solution.java:200:36: 'for' is not followed by whitespace. [WhitespaceAround]
[ERROR] /Users/apple/6047_ADS2/ADS-2-assignments/m18/ADS-2Exam-3/Solution.java:210:16: 'for' is not followed by whitespace. [WhitespaceAround]
[ERROR] /Users/apple/6047_ADS2/ADS-2-assignments/m18/ADS-2Exam-3/Solution.java:211:19: 'if' is not followed by whitespace. [WhitespaceAround]
[ERROR] /Users/apple/6047_ADS2/ADS-2-assignments/m18/ADS-2Exam-3/Solution.java:219:9: Missing a Javadoc comment. [JavadocMethod]
[ERROR] /Users/apple/6047_ADS2/ADS-2-assignments/m18/ADS-2Exam-3/Solution.java:219:48: Parameter words should be final. [FinalParameters]
[ERROR] /Users/apple/6047_ADS2/ADS-2-assignments/m18/ADS-2Exam-3/Solution.java:219:72: Parameter k should be final. [FinalParameters]
[ERROR] /Users/apple/6047_ADS2/ADS-2-assignments/m18/ADS-2Exam-3/Solution.java:231:20: 'for' is not followed by whitespace. [WhitespaceAround]
[ERROR] /Users/apple/6047_ADS2/ADS-2-assignments/m18/ADS-2Exam-3/Solution.java:244:9: Missing a Javadoc comment. [JavadocMethod]
[ERROR] /Users/apple/6047_ADS2/ADS-2-assignments/m18/ADS-2Exam-3/Solution.java:244:36: Parameter t9Signature should be final. [FinalParameters]
[ERROR] /Users/apple/6047_ADS2/ADS-2-assignments/m18/ADS-2Exam-3/Solution.java:244:56: Parameter k should be final. [FinalParameters]
Audit done.
Checkstyle ends with 60 errors.
Starting audit...
[ERROR] /Users/apple/6047_ADS2/ADS-2-assignments/m18/ADS-2Exam-3/Nwords.java:0: File does not end with a newline. [NewlineAtEndOfFile]
[ERROR] /Users/apple/6047_ADS2/ADS-2-assignments/m18/ADS-2Exam-3/Nwords.java:1: Missing a Javadoc comment. [JavadocType]
[ERROR] /Users/apple/6047_ADS2/ADS-2-assignments/m18/ADS-2Exam-3/Nwords.java:2:1: File contains tab characters (this is the first instance). [FileTabCharacter]
[ERROR] /Users/apple/6047_ADS2/ADS-2-assignments/m18/ADS-2Exam-3/Nwords.java:2:9: Missing a Javadoc comment. [JavadocVariable]
[ERROR] /Users/apple/6047_ADS2/ADS-2-assignments/m18/ADS-2Exam-3/Nwords.java:3:9: Missing a Javadoc comment. [JavadocVariable]
[ERROR] /Users/apple/6047_ADS2/ADS-2-assignments/m18/ADS-2Exam-3/Nwords.java:4:9: Missing a Javadoc comment. [JavadocMethod]
[ERROR] /Users/apple/6047_ADS2/ADS-2-assignments/m18/ADS-2Exam-3/Nwords.java:4:16: Parameter sword1 should be final. [FinalParameters]
[ERROR] /Users/apple/6047_ADS2/ADS-2-assignments/m18/ADS-2Exam-3/Nwords.java:4:31: Parameter freq1 should be final. [FinalParameters]
[ERROR] /Users/apple/6047_ADS2/ADS-2-assignments/m18/ADS-2Exam-3/Nwords.java:8:9: Missing a Javadoc comment. [JavadocMethod]
[ERROR] /Users/apple/6047_ADS2/ADS-2-assignments/m18/ADS-2Exam-3/Nwords.java:11:9: Missing a Javadoc comment. [JavadocMethod]
[ERROR] /Users/apple/6047_ADS2/ADS-2-assignments/m18/ADS-2Exam-3/Nwords.java:11:30: Parameter that should be final. [FinalParameters]
[ERROR] /Users/apple/6047_ADS2/ADS-2-assignments/m18/ADS-2Exam-3/Nwords.java:18:19: 'if' is not followed by whitespace. [WhitespaceAround]
[ERROR] /Users/apple/6047_ADS2/ADS-2-assignments/m18/ADS-2Exam-3/Nwords.java:21:19: 'if' is not followed by whitespace. [WhitespaceAround]
Audit done.
Checkstyle ends with 13 errors.
Starting audit...
[ERROR] /Users/apple/6047_ADS2/ADS-2-assignments/m18/ADS-2Exam-3/Queue.java:29: Line is longer than 80 characters (found 95). [LineLength]
[ERROR] /Users/apple/6047_ADS2/ADS-2-assignments/m18/ADS-2Exam-3/Queue.java:32: Line is longer than 80 characters (found 106). [LineLength]
[ERROR] /Users/apple/6047_ADS2/ADS-2-assignments/m18/ADS-2Exam-3/Queue.java:41:1: File contains tab characters (this is the first instance). [FileTabCharacter]
[ERROR] /Users/apple/6047_ADS2/ADS-2-assignments/m18/ADS-2Exam-3/Queue.java:41:9: Missing a Javadoc comment. [JavadocVariable]
[ERROR] /Users/apple/6047_ADS2/ADS-2-assignments/m18/ADS-2Exam-3/Queue.java:42:9: Missing a Javadoc comment. [JavadocVariable]
[ERROR] /Users/apple/6047_ADS2/ADS-2-assignments/m18/ADS-2Exam-3/Queue.java:43:9: Missing a Javadoc comment. [JavadocVariable]
[ERROR] /Users/apple/6047_ADS2/ADS-2-assignments/m18/ADS-2Exam-3/Queue.java:46: Missing a Javadoc comment. [JavadocType]
[ERROR] /Users/apple/6047_ADS2/ADS-2-assignments/m18/ADS-2Exam-3/Queue.java:47:17: Missing a Javadoc comment. [JavadocVariable]
[ERROR] /Users/apple/6047_ADS2/ADS-2-assignments/m18/ADS-2Exam-3/Queue.java:48:17: Missing a Javadoc comment. [JavadocVariable]
[ERROR] /Users/apple/6047_ADS2/ADS-2-assignments/m18/ADS-2Exam-3/Queue.java:85: 'if' construct must use '{}'s. [NeedBraces]
[ERROR] /Users/apple/6047_ADS2/ADS-2-assignments/m18/ADS-2Exam-3/Queue.java:85: Line is longer than 80 characters (found 83). [LineLength]
[ERROR] /Users/apple/6047_ADS2/ADS-2-assignments/m18/ADS-2Exam-3/Queue.java:94:29: Parameter item should be final. [FinalParameters]
[ERROR] /Users/apple/6047_ADS2/ADS-2-assignments/m18/ADS-2Exam-3/Queue.java:99: 'if' construct must use '{}'s. [NeedBraces]
[ERROR] /Users/apple/6047_ADS2/ADS-2-assignments/m18/ADS-2Exam-3/Queue.java:100: 'else' construct must use '{}'s. [NeedBraces]
[ERROR] /Users/apple/6047_ADS2/ADS-2-assignments/m18/ADS-2Exam-3/Queue.java:105: Line is longer than 80 characters (found 84). [LineLength]
[ERROR] /Users/apple/6047_ADS2/ADS-2-assignments/m18/ADS-2Exam-3/Queue.java:111: 'if' construct must use '{}'s. [NeedBraces]
[ERROR] /Users/apple/6047_ADS2/ADS-2-assignments/m18/ADS-2Exam-3/Queue.java:111: Line is longer than 80 characters (found 83). [LineLength]
[ERROR] /Users/apple/6047_ADS2/ADS-2-assignments/m18/ADS-2Exam-3/Queue.java:115: 'if' construct must use '{}'s. [NeedBraces]
[ERROR] /Users/apple/6047_ADS2/ADS-2-assignments/m18/ADS-2Exam-3/Queue.java:134: Line is longer than 80 characters (found 88). [LineLength]
[ERROR] /Users/apple/6047_ADS2/ADS-2-assignments/m18/ADS-2Exam-3/Queue.java:136: Line is longer than 80 characters (found 87). [LineLength]
[ERROR] /Users/apple/6047_ADS2/ADS-2-assignments/m18/ADS-2Exam-3/Queue.java:143: Missing a Javadoc comment. [JavadocType]
[ERROR] /Users/apple/6047_ADS2/ADS-2-assignments/m18/ADS-2Exam-3/Queue.java:144:17: Missing a Javadoc comment. [JavadocVariable]
[ERROR] /Users/apple/6047_ADS2/ADS-2-assignments/m18/ADS-2Exam-3/Queue.java:146:17: Missing a Javadoc comment. [JavadocMethod]
[ERROR] /Users/apple/6047_ADS2/ADS-2-assignments/m18/ADS-2Exam-3/Queue.java:146:17: Redundant 'public' modifier. [RedundantModifier]
[ERROR] /Users/apple/6047_ADS2/ADS-2-assignments/m18/ADS-2Exam-3/Queue.java:146:37: Parameter first should be final. [FinalParameters]
[ERROR] /Users/apple/6047_ADS2/ADS-2-assignments/m18/ADS-2Exam-3/Queue.java:146:48: 'first' hides a field. [HiddenField]
[ERROR] /Users/apple/6047_ADS2/ADS-2-assignments/m18/ADS-2Exam-3/Queue.java:150: Line is longer than 80 characters (found 89). [LineLength]
[ERROR] /Users/apple/6047_ADS2/ADS-2-assignments/m18/ADS-2Exam-3/Queue.java:150:43: '{' at column 29 should have line break after. [LeftCurly]
[ERROR] /Users/apple/6047_ADS2/ADS-2-assignments/m18/ADS-2Exam-3/Queue.java:151: Line is longer than 80 characters (found 89). [LineLength]
[ERROR] /Users/apple/6047_ADS2/ADS-2-assignments/m18/ADS-2Exam-3/Queue.java:151:43: '{' at column 29 should have line break after. [LeftCurly]
[ERROR] /Users/apple/6047_ADS2/ADS-2-assignments/m18/ADS-2Exam-3/Queue.java:153:17: Missing a Javadoc comment. [JavadocMethod]
[ERROR] /Users/apple/6047_ADS2/ADS-2-assignments/m18/ADS-2Exam-3/Queue.java:154: 'if' construct must use '{}'s. [NeedBraces]
Audit done.
Checkstyle ends with 32 errors.
Starting audit...
[ERROR] /Users/apple/6047_ADS2/ADS-2-assignments/m18/ADS-2Exam-3/In.java:56:1: File contains tab characters (this is the first instance). [FileTabCharacter]
[ERROR] /Users/apple/6047_ADS2/ADS-2-assignments/m18/ADS-2Exam-3/In.java:59:9: Missing a Javadoc comment. [JavadocVariable]
[ERROR] /Users/apple/6047_ADS2/ADS-2-assignments/m18/ADS-2Exam-3/In.java:61: Line is longer than 80 characters (found 83). [LineLength]
[ERROR] /Users/apple/6047_ADS2/ADS-2-assignments/m18/ADS-2Exam-3/In.java:62:9: Missing a Javadoc comment. [JavadocVariable]
[ERROR] /Users/apple/6047_ADS2/ADS-2-assignments/m18/ADS-2Exam-3/In.java:64: Line is longer than 80 characters (found 81). [LineLength]
[ERROR] /Users/apple/6047_ADS2/ADS-2-assignments/m18/ADS-2Exam-3/In.java:66: Line is longer than 80 characters (found 98). [LineLength]
[ERROR] /Users/apple/6047_ADS2/ADS-2-assignments/m18/ADS-2Exam-3/In.java:66:9: Missing a Javadoc comment. [JavadocVariable]
[ERROR] /Users/apple/6047_ADS2/ADS-2-assignments/m18/ADS-2Exam-3/In.java:69:9: Missing a Javadoc comment. [JavadocVariable]
[ERROR] /Users/apple/6047_ADS2/ADS-2-assignments/m18/ADS-2Exam-3/In.java:72: Line is longer than 80 characters (found 81). [LineLength]
[ERROR] /Users/apple/6047_ADS2/ADS-2-assignments/m18/ADS-2Exam-3/In.java:73: Line is longer than 80 characters (found 81). [LineLength]
[ERROR] /Users/apple/6047_ADS2/ADS-2-assignments/m18/ADS-2Exam-3/In.java:73:9: Missing a Javadoc comment. [JavadocVariable]
[ERROR] /Users/apple/6047_ADS2/ADS-2-assignments/m18/ADS-2Exam-3/In.java:77:9: Missing a Javadoc comment. [JavadocVariable]
[ERROR] /Users/apple/6047_ADS2/ADS-2-assignments/m18/ADS-2Exam-3/In.java:83: Line is longer than 80 characters (found 88). [LineLength]
[ERROR] /Users/apple/6047_ADS2/ADS-2-assignments/m18/ADS-2Exam-3/In.java:94:19: Parameter socket should be final. [FinalParameters]
[ERROR] /Users/apple/6047_ADS2/ADS-2-assignments/m18/ADS-2Exam-3/In.java:95: 'if' construct must use '{}'s. [NeedBraces]
[ERROR] /Users/apple/6047_ADS2/ADS-2-assignments/m18/ADS-2Exam-3/In.java:95: Line is longer than 80 characters (found 98). [LineLength]
[ERROR] /Users/apple/6047_ADS2/ADS-2-assignments/m18/ADS-2Exam-3/In.java:98: Line is longer than 80 characters (found 89). [LineLength]
[ERROR] /Users/apple/6047_ADS2/ADS-2-assignments/m18/ADS-2Exam-3/In.java:101: Line is longer than 80 characters (found 92). [LineLength]
[ERROR] /Users/apple/6047_ADS2/ADS-2-assignments/m18/ADS-2Exam-3/In.java:112:19: Parameter url should be final. [FinalParameters]
[ERROR] /Users/apple/6047_ADS2/ADS-2-assignments/m18/ADS-2Exam-3/In.java:113: 'if' construct must use '{}'s. [NeedBraces]
[ERROR] /Users/apple/6047_ADS2/ADS-2-assignments/m18/ADS-2Exam-3/In.java:113: Line is longer than 80 characters (found 92). [LineLength]
[ERROR] /Users/apple/6047_ADS2/ADS-2-assignments/m18/ADS-2Exam-3/In.java:117: Line is longer than 80 characters (found 100). [LineLength]
[ERROR] /Users/apple/6047_ADS2/ADS-2-assignments/m18/ADS-2Exam-3/In.java:120: Line is longer than 80 characters (found 89). [LineLength]
[ERROR] /Users/apple/6047_ADS2/ADS-2-assignments/m18/ADS-2Exam-3/In.java:131:19: Parameter file should be final. [FinalParameters]
[ERROR] /Users/apple/6047_ADS2/ADS-2-assignments/m18/ADS-2Exam-3/In.java:132: 'if' construct must use '{}'s. [NeedBraces]
[ERROR] /Users/apple/6047_ADS2/ADS-2-assignments/m18/ADS-2Exam-3/In.java:132: Line is longer than 80 characters (found 94). [LineLength]
[ERROR] /Users/apple/6047_ADS2/ADS-2-assignments/m18/ADS-2Exam-3/In.java:134: Line is longer than 80 characters (found 99). [LineLength]
[ERROR] /Users/apple/6047_ADS2/ADS-2-assignments/m18/ADS-2Exam-3/In.java:137: Line is longer than 80 characters (found 90). [LineLength]
[ERROR] /Users/apple/6047_ADS2/ADS-2-assignments/m18/ADS-2Exam-3/In.java:140: Line is longer than 80 characters (found 90). [LineLength]
[ERROR] /Users/apple/6047_ADS2/ADS-2-assignments/m18/ADS-2Exam-3/In.java:153:19: Parameter name should be final. [FinalParameters]
[ERROR] /Users/apple/6047_ADS2/ADS-2-assignments/m18/ADS-2Exam-3/In.java:154: 'if' construct must use '{}'s. [NeedBraces]
[ERROR] /Users/apple/6047_ADS2/ADS-2-assignments/m18/ADS-2Exam-3/In.java:154: Line is longer than 80 characters (found 89). [LineLength]
[ERROR] /Users/apple/6047_ADS2/ADS-2-assignments/m18/ADS-2Exam-3/In.java:159: Line is longer than 80 characters (found 107). [LineLength]
[ERROR] /Users/apple/6047_ADS2/ADS-2-assignments/m18/ADS-2Exam-3/In.java:162: Line is longer than 80 characters (found 98). [LineLength]
[ERROR] /Users/apple/6047_ADS2/ADS-2-assignments/m18/ADS-2Exam-3/In.java:172: Line is longer than 80 characters (found 84). [LineLength]
[ERROR] /Users/apple/6047_ADS2/ADS-2-assignments/m18/ADS-2Exam-3/In.java:182: Line is longer than 80 characters (found 88). [LineLength]
[ERROR] /Users/apple/6047_ADS2/ADS-2-assignments/m18/ADS-2Exam-3/In.java:183: Line is longer than 80 characters (found 93). [LineLength]
[ERROR] /Users/apple/6047_ADS2/ADS-2-assignments/m18/ADS-2Exam-3/In.java:184: Line is longer than 80 characters (found 81). [LineLength]
[ERROR] /Users/apple/6047_ADS2/ADS-2-assignments/m18/ADS-2Exam-3/In.java:187: Line is longer than 80 characters (found 100). [LineLength]
[ERROR] /Users/apple/6047_ADS2/ADS-2-assignments/m18/ADS-2Exam-3/In.java:190: Line is longer than 80 characters (found 90). [LineLength]
[ERROR] /Users/apple/6047_ADS2/ADS-2-assignments/m18/ADS-2Exam-3/In.java:195: Line is longer than 80 characters (found 84). [LineLength]
[ERROR] /Users/apple/6047_ADS2/ADS-2-assignments/m18/ADS-2Exam-3/In.java:204:19: Parameter scanner should be final. [FinalParameters]
[ERROR] /Users/apple/6047_ADS2/ADS-2-assignments/m18/ADS-2Exam-3/In.java:204:27: 'scanner' hides a field. [HiddenField]
[ERROR] /Users/apple/6047_ADS2/ADS-2-assignments/m18/ADS-2Exam-3/In.java:205: 'if' construct must use '{}'s. [NeedBraces]
[ERROR] /Users/apple/6047_ADS2/ADS-2-assignments/m18/ADS-2Exam-3/In.java:205: Line is longer than 80 characters (found 100). [LineLength]
[ERROR] /Users/apple/6047_ADS2/ADS-2-assignments/m18/ADS-2Exam-3/In.java:212: Line is longer than 80 characters (found 84). [LineLength]
[ERROR] /Users/apple/6047_ADS2/ADS-2-assignments/m18/ADS-2Exam-3/In.java:226: Line is longer than 80 characters (found 92). [LineLength]
[ERROR] /Users/apple/6047_ADS2/ADS-2-assignments/m18/ADS-2Exam-3/In.java:239: Line is longer than 80 characters (found 92). [LineLength]
[ERROR] /Users/apple/6047_ADS2/ADS-2-assignments/m18/ADS-2Exam-3/In.java:247: Line is longer than 80 characters (found 83). [LineLength]
[ERROR] /Users/apple/6047_ADS2/ADS-2-assignments/m18/ADS-2Exam-3/In.java:248: Line is longer than 80 characters (found 93). [LineLength]
[ERROR] /Users/apple/6047_ADS2/ADS-2-assignments/m18/ADS-2Exam-3/In.java:251: Line is longer than 80 characters (found 91). [LineLength]
[ERROR] /Users/apple/6047_ADS2/ADS-2-assignments/m18/ADS-2Exam-3/In.java:265: Line is longer than 80 characters (found 84). [LineLength]
[ERROR] /Users/apple/6047_ADS2/ADS-2-assignments/m18/ADS-2Exam-3/In.java:287: Line is longer than 80 characters (found 86). [LineLength]
[ERROR] /Users/apple/6047_ADS2/ADS-2-assignments/m18/ADS-2Exam-3/In.java:292: Line is longer than 80 characters (found 114). [LineLength]
[ERROR] /Users/apple/6047_ADS2/ADS-2-assignments/m18/ADS-2Exam-3/In.java:293: Line is longer than 80 characters (found 95). [LineLength]
[ERROR] /Users/apple/6047_ADS2/ADS-2-assignments/m18/ADS-2Exam-3/In.java:304: 'if' construct must use '{}'s. [NeedBraces]
[ERROR] /Users/apple/6047_ADS2/ADS-2-assignments/m18/ADS-2Exam-3/In.java:308: Line is longer than 80 characters (found 84). [LineLength]
[ERROR] /Users/apple/6047_ADS2/ADS-2-assignments/m18/ADS-2Exam-3/In.java:309: Line is longer than 80 characters (found 83). [LineLength]
[ERROR] /Users/apple/6047_ADS2/ADS-2-assignments/m18/ADS-2Exam-3/In.java:315: Line is longer than 80 characters (found 91). [LineLength]
[ERROR] /Users/apple/6047_ADS2/ADS-2-assignments/m18/ADS-2Exam-3/In.java:324: Line is longer than 80 characters (found 116). [LineLength]
[ERROR] /Users/apple/6047_ADS2/ADS-2-assignments/m18/ADS-2Exam-3/In.java:325: Line is longer than 80 characters (found 95). [LineLength]
[ERROR] /Users/apple/6047_ADS2/ADS-2-assignments/m18/ADS-2Exam-3/In.java:330: Line is longer than 80 characters (found 84). [LineLength]
[ERROR] /Users/apple/6047_ADS2/ADS-2-assignments/m18/ADS-2Exam-3/In.java:335: Line is longer than 80 characters (found 95). [LineLength]
[ERROR] /Users/apple/6047_ADS2/ADS-2-assignments/m18/ADS-2Exam-3/In.java:342: Line is longer than 80 characters (found 114). [LineLength]
[ERROR] /Users/apple/6047_ADS2/ADS-2-assignments/m18/ADS-2Exam-3/In.java:343: Line is longer than 80 characters (found 102). [LineLength]
[ERROR] /Users/apple/6047_ADS2/ADS-2-assignments/m18/ADS-2Exam-3/In.java:345: Line is longer than 80 characters (found 113). [LineLength]
[ERROR] /Users/apple/6047_ADS2/ADS-2-assignments/m18/ADS-2Exam-3/In.java:346: Line is longer than 80 characters (found 95). [LineLength]
[ERROR] /Users/apple/6047_ADS2/ADS-2-assignments/m18/ADS-2Exam-3/In.java:351: Line is longer than 80 characters (found 87). [LineLength]
[ERROR] /Users/apple/6047_ADS2/ADS-2-assignments/m18/ADS-2Exam-3/In.java:356: Line is longer than 80 characters (found 97). [LineLength]
[ERROR] /Users/apple/6047_ADS2/ADS-2-assignments/m18/ADS-2Exam-3/In.java:363: Line is longer than 80 characters (found 116). [LineLength]
[ERROR] /Users/apple/6047_ADS2/ADS-2-assignments/m18/ADS-2Exam-3/In.java:364: Line is longer than 80 characters (found 102). [LineLength]
[ERROR] /Users/apple/6047_ADS2/ADS-2-assignments/m18/ADS-2Exam-3/In.java:366: Line is longer than 80 characters (found 115). [LineLength]
[ERROR] /Users/apple/6047_ADS2/ADS-2-assignments/m18/ADS-2Exam-3/In.java:367: Line is longer than 80 characters (found 95). [LineLength]
[ERROR] /Users/apple/6047_ADS2/ADS-2-assignments/m18/ADS-2Exam-3/In.java:372: Line is longer than 80 characters (found 86). [LineLength]
[ERROR] /Users/apple/6047_ADS2/ADS-2-assignments/m18/ADS-2Exam-3/In.java:377: Line is longer than 80 characters (found 96). [LineLength]
[ERROR] /Users/apple/6047_ADS2/ADS-2-assignments/m18/ADS-2Exam-3/In.java:384: Line is longer than 80 characters (found 115). [LineLength]
[ERROR] /Users/apple/6047_ADS2/ADS-2-assignments/m18/ADS-2Exam-3/In.java:385: Line is longer than 80 characters (found 102). [LineLength]
[ERROR] /Users/apple/6047_ADS2/ADS-2-assignments/m18/ADS-2Exam-3/In.java:387: Line is longer than 80 characters (found 114). [LineLength]
[ERROR] /Users/apple/6047_ADS2/ADS-2-assignments/m18/ADS-2Exam-3/In.java:388: Line is longer than 80 characters (found 95). [LineLength]
[ERROR] /Users/apple/6047_ADS2/ADS-2-assignments/m18/ADS-2Exam-3/In.java:393: Line is longer than 80 characters (found 85). [LineLength]
[ERROR] /Users/apple/6047_ADS2/ADS-2-assignments/m18/ADS-2Exam-3/In.java:398: Line is longer than 80 characters (found 95). [LineLength]
[ERROR] /Users/apple/6047_ADS2/ADS-2-assignments/m18/ADS-2Exam-3/In.java:405: Line is longer than 80 characters (found 114). [LineLength]
[ERROR] /Users/apple/6047_ADS2/ADS-2-assignments/m18/ADS-2Exam-3/In.java:406: Line is longer than 80 characters (found 102). [LineLength]
[ERROR] /Users/apple/6047_ADS2/ADS-2-assignments/m18/ADS-2Exam-3/In.java:408: Line is longer than 80 characters (found 113). [LineLength]
[ERROR] /Users/apple/6047_ADS2/ADS-2-assignments/m18/ADS-2Exam-3/In.java:409: Line is longer than 80 characters (found 95). [LineLength]
[ERROR] /Users/apple/6047_ADS2/ADS-2-assignments/m18/ADS-2Exam-3/In.java:414: Line is longer than 80 characters (found 86). [LineLength]
[ERROR] /Users/apple/6047_ADS2/ADS-2-assignments/m18/ADS-2Exam-3/In.java:419: Line is longer than 80 characters (found 96). [LineLength]
[ERROR] /Users/apple/6047_ADS2/ADS-2-assignments/m18/ADS-2Exam-3/In.java:426: Line is longer than 80 characters (found 115). [LineLength]
[ERROR] /Users/apple/6047_ADS2/ADS-2-assignments/m18/ADS-2Exam-3/In.java:427: Line is longer than 80 characters (found 102). [LineLength]
[ERROR] /Users/apple/6047_ADS2/ADS-2-assignments/m18/ADS-2Exam-3/In.java:429: Line is longer than 80 characters (found 114). [LineLength]
[ERROR] /Users/apple/6047_ADS2/ADS-2-assignments/m18/ADS-2Exam-3/In.java:430: Line is longer than 80 characters (found 95). [LineLength]
[ERROR] /Users/apple/6047_ADS2/ADS-2-assignments/m18/ADS-2Exam-3/In.java:435: Line is longer than 80 characters (found 85). [LineLength]
[ERROR] /Users/apple/6047_ADS2/ADS-2-assignments/m18/ADS-2Exam-3/In.java:442: Line is longer than 80 characters (found 95). [LineLength]
[ERROR] /Users/apple/6047_ADS2/ADS-2-assignments/m18/ADS-2Exam-3/In.java:449: Line is longer than 80 characters (found 114). [LineLength]
[ERROR] /Users/apple/6047_ADS2/ADS-2-assignments/m18/ADS-2Exam-3/In.java:450: Line is longer than 80 characters (found 102). [LineLength]
[ERROR] /Users/apple/6047_ADS2/ADS-2-assignments/m18/ADS-2Exam-3/In.java:452: Line is longer than 80 characters (found 113). [LineLength]
[ERROR] /Users/apple/6047_ADS2/ADS-2-assignments/m18/ADS-2Exam-3/In.java:453: Line is longer than 80 characters (found 95). [LineLength]
[ERROR] /Users/apple/6047_ADS2/ADS-2-assignments/m18/ADS-2Exam-3/In.java:458: Line is longer than 80 characters (found 86). [LineLength]
[ERROR] /Users/apple/6047_ADS2/ADS-2-assignments/m18/ADS-2Exam-3/In.java:464: Line is longer than 80 characters (found 97). [LineLength]
[ERROR] /Users/apple/6047_ADS2/ADS-2-assignments/m18/ADS-2Exam-3/In.java:469: 'if' construct must use '{}'s. [NeedBraces]
[ERROR] /Users/apple/6047_ADS2/ADS-2-assignments/m18/ADS-2Exam-3/In.java:470: 'if' construct must use '{}'s. [NeedBraces]
[ERROR] /Users/apple/6047_ADS2/ADS-2-assignments/m18/ADS-2Exam-3/In.java:471: 'if' construct must use '{}'s. [NeedBraces]
[ERROR] /Users/apple/6047_ADS2/ADS-2-assignments/m18/ADS-2Exam-3/In.java:472: 'if' construct must use '{}'s. [NeedBraces]
[ERROR] /Users/apple/6047_ADS2/ADS-2-assignments/m18/ADS-2Exam-3/In.java:473: Line is longer than 80 characters (found 117). [LineLength]
[ERROR] /Users/apple/6047_ADS2/ADS-2-assignments/m18/ADS-2Exam-3/In.java:474: Line is longer than 80 characters (found 102). [LineLength]
[ERROR] /Users/apple/6047_ADS2/ADS-2-assignments/m18/ADS-2Exam-3/In.java:476: Line is longer than 80 characters (found 117). [LineLength]
[ERROR] /Users/apple/6047_ADS2/ADS-2-assignments/m18/ADS-2Exam-3/In.java:477: Line is longer than 80 characters (found 95). [LineLength]
[ERROR] /Users/apple/6047_ADS2/ADS-2-assignments/m18/ADS-2Exam-3/In.java:485: Line is longer than 80 characters (found 84). [LineLength]
[ERROR] /Users/apple/6047_ADS2/ADS-2-assignments/m18/ADS-2Exam-3/In.java:488: Line is longer than 80 characters (found 81). [LineLength]
[ERROR] /Users/apple/6047_ADS2/ADS-2-assignments/m18/ADS-2Exam-3/In.java:491: 'if' construct must use '{}'s. [NeedBraces]
[ERROR] /Users/apple/6047_ADS2/ADS-2-assignments/m18/ADS-2Exam-3/In.java:494: 'for' construct must use '{}'s. [NeedBraces]
[ERROR] /Users/apple/6047_ADS2/ADS-2-assignments/m18/ADS-2Exam-3/In.java:503: Line is longer than 80 characters (found 83). [LineLength]
[ERROR] /Users/apple/6047_ADS2/ADS-2-assignments/m18/ADS-2Exam-3/In.java:515: Line is longer than 80 characters (found 86). [LineLength]
[ERROR] /Users/apple/6047_ADS2/ADS-2-assignments/m18/ADS-2Exam-3/In.java:518: Line is longer than 80 characters (found 84). [LineLength]
[ERROR] /Users/apple/6047_ADS2/ADS-2-assignments/m18/ADS-2Exam-3/In.java:523: 'for' construct must use '{}'s. [NeedBraces]
[ERROR] /Users/apple/6047_ADS2/ADS-2-assignments/m18/ADS-2Exam-3/In.java:529: Line is longer than 80 characters (found 83). [LineLength]
[ERROR] /Users/apple/6047_ADS2/ADS-2-assignments/m18/ADS-2Exam-3/In.java:532: Line is longer than 80 characters (found 81). [LineLength]
[ERROR] /Users/apple/6047_ADS2/ADS-2-assignments/m18/ADS-2Exam-3/In.java:537: 'for' construct must use '{}'s. [NeedBraces]
[ERROR] /Users/apple/6047_ADS2/ADS-2-assignments/m18/ADS-2Exam-3/In.java:543: Line is longer than 80 characters (found 85). [LineLength]
[ERROR] /Users/apple/6047_ADS2/ADS-2-assignments/m18/ADS-2Exam-3/In.java:546: Line is longer than 80 characters (found 83). [LineLength]
[ERROR] /Users/apple/6047_ADS2/ADS-2-assignments/m18/ADS-2Exam-3/In.java:551: 'for' construct must use '{}'s. [NeedBraces]
[ERROR] /Users/apple/6047_ADS2/ADS-2-assignments/m18/ADS-2Exam-3/In.java:571: Line is longer than 80 characters (found 83). [LineLength]
[ERROR] /Users/apple/6047_ADS2/ADS-2-assignments/m18/ADS-2Exam-3/In.java:574:38: Parameter filename should be final. [FinalParameters]
[ERROR] /Users/apple/6047_ADS2/ADS-2-assignments/m18/ADS-2Exam-3/In.java:584: Line is longer than 80 characters (found 87). [LineLength]
[ERROR] /Users/apple/6047_ADS2/ADS-2-assignments/m18/ADS-2Exam-3/In.java:587:44: Parameter filename should be final. [FinalParameters]
[ERROR] /Users/apple/6047_ADS2/ADS-2-assignments/m18/ADS-2Exam-3/In.java:597: Line is longer than 80 characters (found 87). [LineLength]
[ERROR] /Users/apple/6047_ADS2/ADS-2-assignments/m18/ADS-2Exam-3/In.java:600:44: Parameter filename should be final. [FinalParameters]
Audit done.
Checkstyle ends with 127 errors.
Starting audit...
[ERROR] /Users/apple/6047_ADS2/ADS-2-assignments/m18/ADS-2Exam-3/MaxPQ.java:35: Line is longer than 80 characters (found 89). [LineLength]
[ERROR] /Users/apple/6047_ADS2/ADS-2-assignments/m18/ADS-2Exam-3/MaxPQ.java:36: Line is longer than 80 characters (found 83). [LineLength]
[ERROR] /Users/apple/6047_ADS2/ADS-2-assignments/m18/ADS-2Exam-3/MaxPQ.java:39: Line is longer than 80 characters (found 102). [LineLength]
[ERROR] /Users/apple/6047_ADS2/ADS-2-assignments/m18/ADS-2Exam-3/MaxPQ.java:49:1: File contains tab characters (this is the first instance). [FileTabCharacter]
[ERROR] /Users/apple/6047_ADS2/ADS-2-assignments/m18/ADS-2Exam-3/MaxPQ.java:49:9: Missing a Javadoc comment. [JavadocVariable]
[ERROR] /Users/apple/6047_ADS2/ADS-2-assignments/m18/ADS-2Exam-3/MaxPQ.java:50: Line is longer than 80 characters (found 81). [LineLength]
[ERROR] /Users/apple/6047_ADS2/ADS-2-assignments/m18/ADS-2Exam-3/MaxPQ.java:50:9: Missing a Javadoc comment. [JavadocVariable]
[ERROR] /Users/apple/6047_ADS2/ADS-2-assignments/m18/ADS-2Exam-3/MaxPQ.java:51:9: Missing a Javadoc comment. [JavadocVariable]
[ERROR] /Users/apple/6047_ADS2/ADS-2-assignments/m18/ADS-2Exam-3/MaxPQ.java:58:22: Parameter initCapacity should be final. [FinalParameters]
[ERROR] /Users/apple/6047_ADS2/ADS-2-assignments/m18/ADS-2Exam-3/MaxPQ.java:77:22: Parameter initCapacity should be final. [FinalParameters]
[ERROR] /Users/apple/6047_ADS2/ADS-2-assignments/m18/ADS-2Exam-3/MaxPQ.java:77:40: Parameter comparator should be final. [FinalParameters]
[ERROR] /Users/apple/6047_ADS2/ADS-2-assignments/m18/ADS-2Exam-3/MaxPQ.java:77:56: 'comparator' hides a field. [HiddenField]
[ERROR] /Users/apple/6047_ADS2/ADS-2-assignments/m18/ADS-2Exam-3/MaxPQ.java:88:22: Parameter comparator should be final. [FinalParameters]
[ERROR] /Users/apple/6047_ADS2/ADS-2-assignments/m18/ADS-2Exam-3/MaxPQ.java:88:38: 'comparator' hides a field. [HiddenField]
[ERROR] /Users/apple/6047_ADS2/ADS-2-assignments/m18/ADS-2Exam-3/MaxPQ.java:94: Line is longer than 80 characters (found 93). [LineLength]
[ERROR] /Users/apple/6047_ADS2/ADS-2-assignments/m18/ADS-2Exam-3/MaxPQ.java:98:22: Parameter keys should be final. [FinalParameters]
[ERROR] /Users/apple/6047_ADS2/ADS-2-assignments/m18/ADS-2Exam-3/MaxPQ.java:101: 'for' construct must use '{}'s. [NeedBraces]
[ERROR] /Users/apple/6047_ADS2/ADS-2-assignments/m18/ADS-2Exam-3/MaxPQ.java:103: 'for' construct must use '{}'s. [NeedBraces]
[ERROR] /Users/apple/6047_ADS2/ADS-2-assignments/m18/ADS-2Exam-3/MaxPQ.java:136: 'if' construct must use '{}'s. [NeedBraces]
[ERROR] /Users/apple/6047_ADS2/ADS-2-assignments/m18/ADS-2Exam-3/MaxPQ.java:136: Line is longer than 80 characters (found 92). [LineLength]
[ERROR] /Users/apple/6047_ADS2/ADS-2-assignments/m18/ADS-2Exam-3/MaxPQ.java:141:9: Missing a Javadoc comment. [JavadocMethod]
[ERROR] /Users/apple/6047_ADS2/ADS-2-assignments/m18/ADS-2Exam-3/MaxPQ.java:141:29: Parameter capacity should be final. [FinalParameters]
[ERROR] /Users/apple/6047_ADS2/ADS-2-assignments/m18/ADS-2Exam-3/MaxPQ.java:156:28: Parameter x should be final. [FinalParameters]
[ERROR] /Users/apple/6047_ADS2/ADS-2-assignments/m18/ADS-2Exam-3/MaxPQ.java:159: 'if' construct must use '{}'s. [NeedBraces]
[ERROR] /Users/apple/6047_ADS2/ADS-2-assignments/m18/ADS-2Exam-3/MaxPQ.java:174: 'if' construct must use '{}'s. [NeedBraces]
[ERROR] /Users/apple/6047_ADS2/ADS-2-assignments/m18/ADS-2Exam-3/MaxPQ.java:174: Line is longer than 80 characters (found 92). [LineLength]
[ERROR] /Users/apple/6047_ADS2/ADS-2-assignments/m18/ADS-2Exam-3/MaxPQ.java:178: Line is longer than 80 characters (found 89). [LineLength]
[ERROR] /Users/apple/6047_ADS2/ADS-2-assignments/m18/ADS-2Exam-3/MaxPQ.java:179: 'if' construct must use '{}'s. [NeedBraces]
[ERROR] /Users/apple/6047_ADS2/ADS-2-assignments/m18/ADS-2Exam-3/MaxPQ.java:179: Line is longer than 80 characters (found 81). [LineLength]
[ERROR] /Users/apple/6047_ADS2/ADS-2-assignments/m18/ADS-2Exam-3/MaxPQ.java:179:56: '4' is a magic number. [MagicNumber]
[ERROR] /Users/apple/6047_ADS2/ADS-2-assignments/m18/ADS-2Exam-3/MaxPQ.java:185: Line is longer than 80 characters (found 84). [LineLength]
[ERROR] /Users/apple/6047_ADS2/ADS-2-assignments/m18/ADS-2Exam-3/MaxPQ.java:187: Line is longer than 80 characters (found 85). [LineLength]
[ERROR] /Users/apple/6047_ADS2/ADS-2-assignments/m18/ADS-2Exam-3/MaxPQ.java:189:27: Parameter k should be final. [FinalParameters]
[ERROR] /Users/apple/6047_ADS2/ADS-2-assignments/m18/ADS-2Exam-3/MaxPQ.java:189:31: Expected @param tag for 'k'. [JavadocMethod]
[ERROR] /Users/apple/6047_ADS2/ADS-2-assignments/m18/ADS-2Exam-3/MaxPQ.java:196:9: Missing a Javadoc comment. [JavadocMethod]
[ERROR] /Users/apple/6047_ADS2/ADS-2-assignments/m18/ADS-2Exam-3/MaxPQ.java:196:27: Parameter k should be final. [FinalParameters]
[ERROR] /Users/apple/6047_ADS2/ADS-2-assignments/m18/ADS-2Exam-3/MaxPQ.java:199: 'if' construct must use '{}'s. [NeedBraces]
[ERROR] /Users/apple/6047_ADS2/ADS-2-assignments/m18/ADS-2Exam-3/MaxPQ.java:200: 'if' construct must use '{}'s. [NeedBraces]
[ERROR] /Users/apple/6047_ADS2/ADS-2-assignments/m18/ADS-2Exam-3/MaxPQ.java:206: Line is longer than 80 characters (found 84). [LineLength]
[ERROR] /Users/apple/6047_ADS2/ADS-2-assignments/m18/ADS-2Exam-3/MaxPQ.java:208: Line is longer than 80 characters (found 85). [LineLength]
[ERROR] /Users/apple/6047_ADS2/ADS-2-assignments/m18/ADS-2Exam-3/MaxPQ.java:209: Expected @return tag. [JavadocMethod]
[ERROR] /Users/apple/6047_ADS2/ADS-2-assignments/m18/ADS-2Exam-3/MaxPQ.java:209:30: Parameter i should be final. [FinalParameters]
[ERROR] /Users/apple/6047_ADS2/ADS-2-assignments/m18/ADS-2Exam-3/MaxPQ.java:209:34: Expected @param tag for 'i'. [JavadocMethod]
[ERROR] /Users/apple/6047_ADS2/ADS-2-assignments/m18/ADS-2Exam-3/MaxPQ.java:209:37: Parameter j should be final. [FinalParameters]
[ERROR] /Users/apple/6047_ADS2/ADS-2-assignments/m18/ADS-2Exam-3/MaxPQ.java:209:41: Expected @param tag for 'j'. [JavadocMethod]
[ERROR] /Users/apple/6047_ADS2/ADS-2-assignments/m18/ADS-2Exam-3/MaxPQ.java:217:9: Missing a Javadoc comment. [JavadocMethod]
[ERROR] /Users/apple/6047_ADS2/ADS-2-assignments/m18/ADS-2Exam-3/MaxPQ.java:217:27: Parameter i should be final. [FinalParameters]
[ERROR] /Users/apple/6047_ADS2/ADS-2-assignments/m18/ADS-2Exam-3/MaxPQ.java:217:34: Parameter j should be final. [FinalParameters]
[ERROR] /Users/apple/6047_ADS2/ADS-2-assignments/m18/ADS-2Exam-3/MaxPQ.java:224:9: Missing a Javadoc comment. [JavadocMethod]
[ERROR] /Users/apple/6047_ADS2/ADS-2-assignments/m18/ADS-2Exam-3/MaxPQ.java:229:9: Missing a Javadoc comment. [JavadocMethod]
[ERROR] /Users/apple/6047_ADS2/ADS-2-assignments/m18/ADS-2Exam-3/MaxPQ.java:229:35: Parameter k should be final. [FinalParameters]
[ERROR] /Users/apple/6047_ADS2/ADS-2-assignments/m18/ADS-2Exam-3/MaxPQ.java:230: 'if' construct must use '{}'s. [NeedBraces]
[ERROR] /Users/apple/6047_ADS2/ADS-2-assignments/m18/ADS-2Exam-3/MaxPQ.java:233: 'if' construct must use '{}'s. [NeedBraces]
[ERROR] /Users/apple/6047_ADS2/ADS-2-assignments/m18/ADS-2Exam-3/MaxPQ.java:234: 'if' construct must use '{}'s. [NeedBraces]
[ERROR] /Users/apple/6047_ADS2/ADS-2-assignments/m18/ADS-2Exam-3/MaxPQ.java:239: Line is longer than 80 characters (found 84). [LineLength]
[ERROR] /Users/apple/6047_ADS2/ADS-2-assignments/m18/ADS-2Exam-3/MaxPQ.java:241: Line is longer than 80 characters (found 85). [LineLength]
[ERROR] /Users/apple/6047_ADS2/ADS-2-assignments/m18/ADS-2Exam-3/MaxPQ.java:244: Line is longer than 80 characters (found 81). [LineLength]
[ERROR] /Users/apple/6047_ADS2/ADS-2-assignments/m18/ADS-2Exam-3/MaxPQ.java:254: Missing a Javadoc comment. [JavadocType]
[ERROR] /Users/apple/6047_ADS2/ADS-2-assignments/m18/ADS-2Exam-3/MaxPQ.java:257:17: Missing a Javadoc comment. [JavadocVariable]
[ERROR] /Users/apple/6047_ADS2/ADS-2-assignments/m18/ADS-2Exam-3/MaxPQ.java:261:17: Missing a Javadoc comment. [JavadocMethod]
[ERROR] /Users/apple/6047_ADS2/ADS-2-assignments/m18/ADS-2Exam-3/MaxPQ.java:261:17: Redundant 'public' modifier. [RedundantModifier]
[ERROR] /Users/apple/6047_ADS2/ADS-2-assignments/m18/ADS-2Exam-3/MaxPQ.java:262: 'if' construct must use '{}'s. [NeedBraces]
[ERROR] /Users/apple/6047_ADS2/ADS-2-assignments/m18/ADS-2Exam-3/MaxPQ.java:263: 'else' construct must use '{}'s. [NeedBraces]
[ERROR] /Users/apple/6047_ADS2/ADS-2-assignments/m18/ADS-2Exam-3/MaxPQ.java:263: Line is longer than 80 characters (found 90). [LineLength]
[ERROR] /Users/apple/6047_ADS2/ADS-2-assignments/m18/ADS-2Exam-3/MaxPQ.java:264: 'for' construct must use '{}'s. [NeedBraces]
[ERROR] /Users/apple/6047_ADS2/ADS-2-assignments/m18/ADS-2Exam-3/MaxPQ.java:268: Line is longer than 80 characters (found 89). [LineLength]
[ERROR] /Users/apple/6047_ADS2/ADS-2-assignments/m18/ADS-2Exam-3/MaxPQ.java:268:43: '{' at column 29 should have line break after. [LeftCurly]
[ERROR] /Users/apple/6047_ADS2/ADS-2-assignments/m18/ADS-2Exam-3/MaxPQ.java:269: Line is longer than 80 characters (found 89). [LineLength]
[ERROR] /Users/apple/6047_ADS2/ADS-2-assignments/m18/ADS-2Exam-3/MaxPQ.java:269:43: '{' at column 29 should have line break after. [LeftCurly]
[ERROR] /Users/apple/6047_ADS2/ADS-2-assignments/m18/ADS-2Exam-3/MaxPQ.java:271:17: Missing a Javadoc comment. [JavadocMethod]
[ERROR] /Users/apple/6047_ADS2/ADS-2-assignments/m18/ADS-2Exam-3/MaxPQ.java:272: 'if' construct must use '{}'s. [NeedBraces]
Audit done.
Checkstyle ends with 71 errors.
Starting audit...
[ERROR] /Users/apple/6047_ADS2/ADS-2-assignments/m18/ADS-2Exam-3/Bag.java:38: Line is longer than 80 characters (found 82). [LineLength]
[ERROR] /Users/apple/6047_ADS2/ADS-2-assignments/m18/ADS-2Exam-3/Bag.java:43: Line is longer than 80 characters (found 81). [LineLength]
[ERROR] /Users/apple/6047_ADS2/ADS-2-assignments/m18/ADS-2Exam-3/Bag.java:45: Line is longer than 80 characters (found 106). [LineLength]
[ERROR] /Users/apple/6047_ADS2/ADS-2-assignments/m18/ADS-2Exam-3/Bag.java:54:1: File contains tab characters (this is the first instance). [FileTabCharacter]
[ERROR] /Users/apple/6047_ADS2/ADS-2-assignments/m18/ADS-2Exam-3/Bag.java:54:9: Missing a Javadoc comment. [JavadocVariable]
[ERROR] /Users/apple/6047_ADS2/ADS-2-assignments/m18/ADS-2Exam-3/Bag.java:55:9: Missing a Javadoc comment. [JavadocVariable]
[ERROR] /Users/apple/6047_ADS2/ADS-2-assignments/m18/ADS-2Exam-3/Bag.java:58: Missing a Javadoc comment. [JavadocType]
[ERROR] /Users/apple/6047_ADS2/ADS-2-assignments/m18/ADS-2Exam-3/Bag.java:59:17: Missing a Javadoc comment. [JavadocVariable]
[ERROR] /Users/apple/6047_ADS2/ADS-2-assignments/m18/ADS-2Exam-3/Bag.java:60:17: Missing a Javadoc comment. [JavadocVariable]
[ERROR] /Users/apple/6047_ADS2/ADS-2-assignments/m18/ADS-2Exam-3/Bag.java:95:25: Parameter item should be final. [FinalParameters]
[ERROR] /Users/apple/6047_ADS2/ADS-2-assignments/m18/ADS-2Exam-3/Bag.java:105: Line is longer than 80 characters (found 91). [LineLength]
[ERROR] /Users/apple/6047_ADS2/ADS-2-assignments/m18/ADS-2Exam-3/Bag.java:107: Line is longer than 80 characters (found 90). [LineLength]
[ERROR] /Users/apple/6047_ADS2/ADS-2-assignments/m18/ADS-2Exam-3/Bag.java:114: Missing a Javadoc comment. [JavadocType]
[ERROR] /Users/apple/6047_ADS2/ADS-2-assignments/m18/ADS-2Exam-3/Bag.java:115:17: Missing a Javadoc comment. [JavadocVariable]
[ERROR] /Users/apple/6047_ADS2/ADS-2-assignments/m18/ADS-2Exam-3/Bag.java:117:17: Missing a Javadoc comment. [JavadocMethod]
[ERROR] /Users/apple/6047_ADS2/ADS-2-assignments/m18/ADS-2Exam-3/Bag.java:117:17: Redundant 'public' modifier. [RedundantModifier]
[ERROR] /Users/apple/6047_ADS2/ADS-2-assignments/m18/ADS-2Exam-3/Bag.java:117:37: Parameter first should be final. [FinalParameters]
[ERROR] /Users/apple/6047_ADS2/ADS-2-assignments/m18/ADS-2Exam-3/Bag.java:117:48: 'first' hides a field. [HiddenField]
[ERROR] /Users/apple/6047_ADS2/ADS-2-assignments/m18/ADS-2Exam-3/Bag.java:121: Line is longer than 80 characters (found 89). [LineLength]
[ERROR] /Users/apple/6047_ADS2/ADS-2-assignments/m18/ADS-2Exam-3/Bag.java:121:43: '{' at column 29 should have line break after. [LeftCurly]
[ERROR] /Users/apple/6047_ADS2/ADS-2-assignments/m18/ADS-2Exam-3/Bag.java:122: Line is longer than 80 characters (found 89). [LineLength]
[ERROR] /Users/apple/6047_ADS2/ADS-2-assignments/m18/ADS-2Exam-3/Bag.java:122:43: '{' at column 29 should have line break after. [LeftCurly]
[ERROR] /Users/apple/6047_ADS2/ADS-2-assignments/m18/ADS-2Exam-3/Bag.java:124:17: Missing a Javadoc comment. [JavadocMethod]
[ERROR] /Users/apple/6047_ADS2/ADS-2-assignments/m18/ADS-2Exam-3/Bag.java:125: 'if' construct must use '{}'s. [NeedBraces]
Audit done.
Checkstyle ends with 24 errors.
Starting audit...
[ERROR] /Users/apple/6047_ADS2/ADS-2-assignments/m18/ADS-2Exam-3/TST.java:46: Line is longer than 80 characters (found 84). [LineLength]
[ERROR] /Users/apple/6047_ADS2/ADS-2-assignments/m18/ADS-2Exam-3/TST.java:47: Line is longer than 80 characters (found 84). [LineLength]
[ERROR] /Users/apple/6047_ADS2/ADS-2-assignments/m18/ADS-2Exam-3/TST.java:53: Line is longer than 80 characters (found 81). [LineLength]
[ERROR] /Users/apple/6047_ADS2/ADS-2-assignments/m18/ADS-2Exam-3/TST.java:58: Line is longer than 80 characters (found 104). [LineLength]
[ERROR] /Users/apple/6047_ADS2/ADS-2-assignments/m18/ADS-2Exam-3/TST.java:61: Type Javadoc comment is missing @param <Value> tag. [JavadocType]
[ERROR] /Users/apple/6047_ADS2/ADS-2-assignments/m18/ADS-2Exam-3/TST.java:62:1: File contains tab characters (this is the first instance). [FileTabCharacter]
[ERROR] /Users/apple/6047_ADS2/ADS-2-assignments/m18/ADS-2Exam-3/TST.java:62:9: Missing a Javadoc comment. [JavadocVariable]
[ERROR] /Users/apple/6047_ADS2/ADS-2-assignments/m18/ADS-2Exam-3/TST.java:63:9: Missing a Javadoc comment. [JavadocVariable]
[ERROR] /Users/apple/6047_ADS2/ADS-2-assignments/m18/ADS-2Exam-3/TST.java:65: Missing a Javadoc comment. [JavadocType]
[ERROR] /Users/apple/6047_ADS2/ADS-2-assignments/m18/ADS-2Exam-3/TST.java:66:17: Missing a Javadoc comment. [JavadocVariable]
[ERROR] /Users/apple/6047_ADS2/ADS-2-assignments/m18/ADS-2Exam-3/TST.java:67: Line is longer than 80 characters (found 90). [LineLength]
[ERROR] /Users/apple/6047_ADS2/ADS-2-assignments/m18/ADS-2Exam-3/TST.java:67:17: Missing a Javadoc comment. [JavadocVariable]
[ERROR] /Users/apple/6047_ADS2/ADS-2-assignments/m18/ADS-2Exam-3/TST.java:68: Line is longer than 80 characters (found 86). [LineLength]
[ERROR] /Users/apple/6047_ADS2/ADS-2-assignments/m18/ADS-2Exam-3/TST.java:68:17: Missing a Javadoc comment. [JavadocVariable]
[ERROR] /Users/apple/6047_ADS2/ADS-2-assignments/m18/ADS-2Exam-3/TST.java:92:33: Parameter key should be final. [FinalParameters]
[ERROR] /Users/apple/6047_ADS2/ADS-2-assignments/m18/ADS-2Exam-3/TST.java:94: Line is longer than 80 characters (found 93). [LineLength]
[ERROR] /Users/apple/6047_ADS2/ADS-2-assignments/m18/ADS-2Exam-3/TST.java:102: Line is longer than 80 characters (found 92). [LineLength]
[ERROR] /Users/apple/6047_ADS2/ADS-2-assignments/m18/ADS-2Exam-3/TST.java:106:26: Parameter key should be final. [FinalParameters]
[ERROR] /Users/apple/6047_ADS2/ADS-2-assignments/m18/ADS-2Exam-3/TST.java:108: Line is longer than 80 characters (found 93). [LineLength]
[ERROR] /Users/apple/6047_ADS2/ADS-2-assignments/m18/ADS-2Exam-3/TST.java:110: 'if' construct must use '{}'s. [NeedBraces]
[ERROR] /Users/apple/6047_ADS2/ADS-2-assignments/m18/ADS-2Exam-3/TST.java:110: Line is longer than 80 characters (found 103). [LineLength]
[ERROR] /Users/apple/6047_ADS2/ADS-2-assignments/m18/ADS-2Exam-3/TST.java:112: 'if' construct must use '{}'s. [NeedBraces]
[ERROR] /Users/apple/6047_ADS2/ADS-2-assignments/m18/ADS-2Exam-3/TST.java:117:9: Missing a Javadoc comment. [JavadocMethod]
[ERROR] /Users/apple/6047_ADS2/ADS-2-assignments/m18/ADS-2Exam-3/TST.java:117:33: Parameter x should be final. [FinalParameters]
[ERROR] /Users/apple/6047_ADS2/ADS-2-assignments/m18/ADS-2Exam-3/TST.java:117:48: Parameter key should be final. [FinalParameters]
[ERROR] /Users/apple/6047_ADS2/ADS-2-assignments/m18/ADS-2Exam-3/TST.java:117:60: Parameter d should be final. [FinalParameters]
[ERROR] /Users/apple/6047_ADS2/ADS-2-assignments/m18/ADS-2Exam-3/TST.java:118: 'if' construct must use '{}'s. [NeedBraces]
[ERROR] /Users/apple/6047_ADS2/ADS-2-assignments/m18/ADS-2Exam-3/TST.java:119: 'if' construct must use '{}'s. [NeedBraces]
[ERROR] /Users/apple/6047_ADS2/ADS-2-assignments/m18/ADS-2Exam-3/TST.java:119: Line is longer than 80 characters (found 103). [LineLength]
[ERROR] /Users/apple/6047_ADS2/ADS-2-assignments/m18/ADS-2Exam-3/TST.java:121: 'if' construct must use '{}'s. [NeedBraces]
[ERROR] /Users/apple/6047_ADS2/ADS-2-assignments/m18/ADS-2Exam-3/TST.java:122: 'if' construct must use '{}'s. [NeedBraces]
[ERROR] /Users/apple/6047_ADS2/ADS-2-assignments/m18/ADS-2Exam-3/TST.java:123: 'if' construct must use '{}'s. [NeedBraces]
[ERROR] /Users/apple/6047_ADS2/ADS-2-assignments/m18/ADS-2Exam-3/TST.java:124: 'else' construct must use '{}'s. [NeedBraces]
[ERROR] /Users/apple/6047_ADS2/ADS-2-assignments/m18/ADS-2Exam-3/TST.java:128: Line is longer than 80 characters (found 86). [LineLength]
[ERROR] /Users/apple/6047_ADS2/ADS-2-assignments/m18/ADS-2Exam-3/TST.java:130: Line is longer than 80 characters (found 96). [LineLength]
[ERROR] /Users/apple/6047_ADS2/ADS-2-assignments/m18/ADS-2Exam-3/TST.java:135:25: Parameter key should be final. [FinalParameters]
[ERROR] /Users/apple/6047_ADS2/ADS-2-assignments/m18/ADS-2Exam-3/TST.java:135:37: Parameter val should be final. [FinalParameters]
[ERROR] /Users/apple/6047_ADS2/ADS-2-assignments/m18/ADS-2Exam-3/TST.java:137: Line is longer than 80 characters (found 88). [LineLength]
[ERROR] /Users/apple/6047_ADS2/ADS-2-assignments/m18/ADS-2Exam-3/TST.java:139: 'if' construct must use '{}'s. [NeedBraces]
[ERROR] /Users/apple/6047_ADS2/ADS-2-assignments/m18/ADS-2Exam-3/TST.java:143:9: Missing a Javadoc comment. [JavadocMethod]
[ERROR] /Users/apple/6047_ADS2/ADS-2-assignments/m18/ADS-2Exam-3/TST.java:143:33: Parameter x should be final. [FinalParameters]
[ERROR] /Users/apple/6047_ADS2/ADS-2-assignments/m18/ADS-2Exam-3/TST.java:143:48: Parameter key should be final. [FinalParameters]
[ERROR] /Users/apple/6047_ADS2/ADS-2-assignments/m18/ADS-2Exam-3/TST.java:143:60: Parameter val should be final. [FinalParameters]
[ERROR] /Users/apple/6047_ADS2/ADS-2-assignments/m18/ADS-2Exam-3/TST.java:143:71: Parameter d should be final. [FinalParameters]
[ERROR] /Users/apple/6047_ADS2/ADS-2-assignments/m18/ADS-2Exam-3/TST.java:149: 'if' construct must use '{}'s. [NeedBraces]
[ERROR] /Users/apple/6047_ADS2/ADS-2-assignments/m18/ADS-2Exam-3/TST.java:149: Line is longer than 80 characters (found 84). [LineLength]
[ERROR] /Users/apple/6047_ADS2/ADS-2-assignments/m18/ADS-2Exam-3/TST.java:150: 'if' construct must use '{}'s. [NeedBraces]
[ERROR] /Users/apple/6047_ADS2/ADS-2-assignments/m18/ADS-2Exam-3/TST.java:150: Line is longer than 80 characters (found 84). [LineLength]
[ERROR] /Users/apple/6047_ADS2/ADS-2-assignments/m18/ADS-2Exam-3/TST.java:151: 'if' construct must use '{}'s. [NeedBraces]
[ERROR] /Users/apple/6047_ADS2/ADS-2-assignments/m18/ADS-2Exam-3/TST.java:151: Line is longer than 80 characters (found 88). [LineLength]
[ERROR] /Users/apple/6047_ADS2/ADS-2-assignments/m18/ADS-2Exam-3/TST.java:152: 'else' construct must use '{}'s. [NeedBraces]
[ERROR] /Users/apple/6047_ADS2/ADS-2-assignments/m18/ADS-2Exam-3/TST.java:157: Line is longer than 80 characters (found 94). [LineLength]
[ERROR] /Users/apple/6047_ADS2/ADS-2-assignments/m18/ADS-2Exam-3/TST.java:160: Line is longer than 80 characters (found 94). [LineLength]
[ERROR] /Users/apple/6047_ADS2/ADS-2-assignments/m18/ADS-2Exam-3/TST.java:164:39: Parameter query should be final. [FinalParameters]
[ERROR] /Users/apple/6047_ADS2/ADS-2-assignments/m18/ADS-2Exam-3/TST.java:166: Line is longer than 80 characters (found 105). [LineLength]
[ERROR] /Users/apple/6047_ADS2/ADS-2-assignments/m18/ADS-2Exam-3/TST.java:168: 'if' construct must use '{}'s. [NeedBraces]
[ERROR] /Users/apple/6047_ADS2/ADS-2-assignments/m18/ADS-2Exam-3/TST.java:174: 'if' construct must use '{}'s. [NeedBraces]
[ERROR] /Users/apple/6047_ADS2/ADS-2-assignments/m18/ADS-2Exam-3/TST.java:175: 'if' construct must use '{}'s. [NeedBraces]
[ERROR] /Users/apple/6047_ADS2/ADS-2-assignments/m18/ADS-2Exam-3/TST.java:178: 'if' construct must use '{}'s. [NeedBraces]
[ERROR] /Users/apple/6047_ADS2/ADS-2-assignments/m18/ADS-2Exam-3/TST.java:204:48: Parameter prefix should be final. [FinalParameters]
[ERROR] /Users/apple/6047_ADS2/ADS-2-assignments/m18/ADS-2Exam-3/TST.java:206: Line is longer than 80 characters (found 104). [LineLength]
[ERROR] /Users/apple/6047_ADS2/ADS-2-assignments/m18/ADS-2Exam-3/TST.java:210: 'if' construct must use '{}'s. [NeedBraces]
[ERROR] /Users/apple/6047_ADS2/ADS-2-assignments/m18/ADS-2Exam-3/TST.java:211: 'if' construct must use '{}'s. [NeedBraces]
[ERROR] /Users/apple/6047_ADS2/ADS-2-assignments/m18/ADS-2Exam-3/TST.java:217: Line is longer than 80 characters (found 88). [LineLength]
[ERROR] /Users/apple/6047_ADS2/ADS-2-assignments/m18/ADS-2Exam-3/TST.java:217:9: Missing a Javadoc comment. [JavadocMethod]
[ERROR] /Users/apple/6047_ADS2/ADS-2-assignments/m18/ADS-2Exam-3/TST.java:217:30: Parameter x should be final. [FinalParameters]
[ERROR] /Users/apple/6047_ADS2/ADS-2-assignments/m18/ADS-2Exam-3/TST.java:217:45: Parameter prefix should be final. [FinalParameters]
[ERROR] /Users/apple/6047_ADS2/ADS-2-assignments/m18/ADS-2Exam-3/TST.java:217:67: Parameter queue should be final. [FinalParameters]
[ERROR] /Users/apple/6047_ADS2/ADS-2-assignments/m18/ADS-2Exam-3/TST.java:218: 'if' construct must use '{}'s. [NeedBraces]
[ERROR] /Users/apple/6047_ADS2/ADS-2-assignments/m18/ADS-2Exam-3/TST.java:220: 'if' construct must use '{}'s. [NeedBraces]
[ERROR] /Users/apple/6047_ADS2/ADS-2-assignments/m18/ADS-2Exam-3/TST.java:228: Line is longer than 80 characters (found 82). [LineLength]
[ERROR] /Users/apple/6047_ADS2/ADS-2-assignments/m18/ADS-2Exam-3/TST.java:231: Line is longer than 80 characters (found 82). [LineLength]
[ERROR] /Users/apple/6047_ADS2/ADS-2-assignments/m18/ADS-2Exam-3/TST.java:234:47: Parameter pattern should be final. [FinalParameters]
[ERROR] /Users/apple/6047_ADS2/ADS-2-assignments/m18/ADS-2Exam-3/TST.java:240: Line is longer than 80 characters (found 111). [LineLength]
[ERROR] /Users/apple/6047_ADS2/ADS-2-assignments/m18/ADS-2Exam-3/TST.java:240:9: Missing a Javadoc comment. [JavadocMethod]
[ERROR] /Users/apple/6047_ADS2/ADS-2-assignments/m18/ADS-2Exam-3/TST.java:240:30: Parameter x should be final. [FinalParameters]
[ERROR] /Users/apple/6047_ADS2/ADS-2-assignments/m18/ADS-2Exam-3/TST.java:240:45: Parameter prefix should be final. [FinalParameters]
[ERROR] /Users/apple/6047_ADS2/ADS-2-assignments/m18/ADS-2Exam-3/TST.java:240:67: Parameter i should be final. [FinalParameters]
[ERROR] /Users/apple/6047_ADS2/ADS-2-assignments/m18/ADS-2Exam-3/TST.java:240:74: Parameter pattern should be final. [FinalParameters]
[ERROR] /Users/apple/6047_ADS2/ADS-2-assignments/m18/ADS-2Exam-3/TST.java:240:90: Parameter queue should be final. [FinalParameters]
[ERROR] /Users/apple/6047_ADS2/ADS-2-assignments/m18/ADS-2Exam-3/TST.java:241: 'if' construct must use '{}'s. [NeedBraces]
[ERROR] /Users/apple/6047_ADS2/ADS-2-assignments/m18/ADS-2Exam-3/TST.java:243: 'if' construct must use '{}'s. [NeedBraces]
[ERROR] /Users/apple/6047_ADS2/ADS-2-assignments/m18/ADS-2Exam-3/TST.java:243: Line is longer than 80 characters (found 84). [LineLength]
[ERROR] /Users/apple/6047_ADS2/ADS-2-assignments/m18/ADS-2Exam-3/TST.java:245: 'if' construct must use '{}'s. [NeedBraces]
[ERROR] /Users/apple/6047_ADS2/ADS-2-assignments/m18/ADS-2Exam-3/TST.java:245: Line is longer than 80 characters (found 111). [LineLength]
[ERROR] /Users/apple/6047_ADS2/ADS-2-assignments/m18/ADS-2Exam-3/TST.java:247: Line is longer than 80 characters (found 90). [LineLength]
[ERROR] /Users/apple/6047_ADS2/ADS-2-assignments/m18/ADS-2Exam-3/TST.java:251: 'if' construct must use '{}'s. [NeedBraces]
[ERROR] /Users/apple/6047_ADS2/ADS-2-assignments/m18/ADS-2Exam-3/TST.java:251: Line is longer than 80 characters (found 85). [LineLength]
[ERROR] /Users/apple/6047_ADS2/ADS-2-assignments/m18/ADS-2Exam-3/TST.java:254:9: Class 'TST' looks like designed for extension (can be subclassed), but the method 'hasPrefix' does not have javadoc that explains how to do that safely. If class is not designed for extension consider making the class 'TST' final or making the method 'hasPrefix' static/final/abstract/empty, or adding allowed annotation for the method. [DesignForExtension]
[ERROR] /Users/apple/6047_ADS2/ADS-2-assignments/m18/ADS-2Exam-3/TST.java:254:9: Missing a Javadoc comment. [JavadocMethod]
[ERROR] /Users/apple/6047_ADS2/ADS-2-assignments/m18/ADS-2Exam-3/TST.java:254:34: Parameter prefix should be final. [FinalParameters]
[ERROR] /Users/apple/6047_ADS2/ADS-2-assignments/m18/ADS-2Exam-3/TST.java:256: 'if' construct must use '{}'s. [NeedBraces]
[ERROR] /Users/apple/6047_ADS2/ADS-2-assignments/m18/ADS-2Exam-3/TST.java:257: 'if' construct must use '{}'s. [NeedBraces]
[ERROR] /Users/apple/6047_ADS2/ADS-2-assignments/m18/ADS-2Exam-3/TST.java:258: 'if' construct must use '{}'s. [NeedBraces]
[ERROR] /Users/apple/6047_ADS2/ADS-2-assignments/m18/ADS-2Exam-3/TST.java:258:71: '&&' should be on a new line. [OperatorWrap]
Audit done.
Checkstyle ends with 95 errors.
Starting audit...
[ERROR] /Users/apple/6047_ADS2/ADS-2-assignments/m18/ADS-2Exam-3/BinarySearchST.java:41: Line is longer than 80 characters (found 81). [LineLength]
[ERROR] /Users/apple/6047_ADS2/ADS-2-assignments/m18/ADS-2Exam-3/BinarySearchST.java:54: Line is longer than 80 characters (found 110). [LineLength]
[ERROR] /Users/apple/6047_ADS2/ADS-2-assignments/m18/ADS-2Exam-3/BinarySearchST.java:61: Type Javadoc comment is missing @param <Key> tag. [JavadocType]
[ERROR] /Users/apple/6047_ADS2/ADS-2-assignments/m18/ADS-2Exam-3/BinarySearchST.java:61: Type Javadoc comment is missing @param <Value> tag. [JavadocType]
[ERROR] /Users/apple/6047_ADS2/ADS-2-assignments/m18/ADS-2Exam-3/BinarySearchST.java:62:1: File contains tab characters (this is the first instance). [FileTabCharacter]
[ERROR] /Users/apple/6047_ADS2/ADS-2-assignments/m18/ADS-2Exam-3/BinarySearchST.java:62:9: Missing a Javadoc comment. [JavadocVariable]
[ERROR] /Users/apple/6047_ADS2/ADS-2-assignments/m18/ADS-2Exam-3/BinarySearchST.java:63:9: Missing a Javadoc comment. [JavadocVariable]
[ERROR] /Users/apple/6047_ADS2/ADS-2-assignments/m18/ADS-2Exam-3/BinarySearchST.java:64:9: Missing a Javadoc comment. [JavadocVariable]
[ERROR] /Users/apple/6047_ADS2/ADS-2-assignments/m18/ADS-2Exam-3/BinarySearchST.java:65:9: Missing a Javadoc comment. [JavadocVariable]
[ERROR] /Users/apple/6047_ADS2/ADS-2-assignments/m18/ADS-2Exam-3/BinarySearchST.java:75: Line is longer than 80 characters (found 81). [LineLength]
[ERROR] /Users/apple/6047_ADS2/ADS-2-assignments/m18/ADS-2Exam-3/BinarySearchST.java:78:31: Parameter capacity should be final. [FinalParameters]
[ERROR] /Users/apple/6047_ADS2/ADS-2-assignments/m18/ADS-2Exam-3/BinarySearchST.java:84:9: Missing a Javadoc comment. [JavadocMethod]
[ERROR] /Users/apple/6047_ADS2/ADS-2-assignments/m18/ADS-2Exam-3/BinarySearchST.java:84:29: Parameter capacity should be final. [FinalParameters]
[ERROR] /Users/apple/6047_ADS2/ADS-2-assignments/m18/ADS-2Exam-3/BinarySearchST.java:124:33: Parameter key should be final. [FinalParameters]
[ERROR] /Users/apple/6047_ADS2/ADS-2-assignments/m18/ADS-2Exam-3/BinarySearchST.java:125: 'if' construct must use '{}'s. [NeedBraces]
[ERROR] /Users/apple/6047_ADS2/ADS-2-assignments/m18/ADS-2Exam-3/BinarySearchST.java:125: Line is longer than 80 characters (found 102). [LineLength]
[ERROR] /Users/apple/6047_ADS2/ADS-2-assignments/m18/ADS-2Exam-3/BinarySearchST.java:133: Line is longer than 80 characters (found 92). [LineLength]
[ERROR] /Users/apple/6047_ADS2/ADS-2-assignments/m18/ADS-2Exam-3/BinarySearchST.java:137:26: Parameter key should be final. [FinalParameters]
[ERROR] /Users/apple/6047_ADS2/ADS-2-assignments/m18/ADS-2Exam-3/BinarySearchST.java:138: 'if' construct must use '{}'s. [NeedBraces]
[ERROR] /Users/apple/6047_ADS2/ADS-2-assignments/m18/ADS-2Exam-3/BinarySearchST.java:138: Line is longer than 80 characters (found 97). [LineLength]
[ERROR] /Users/apple/6047_ADS2/ADS-2-assignments/m18/ADS-2Exam-3/BinarySearchST.java:139: 'if' construct must use '{}'s. [NeedBraces]
[ERROR] /Users/apple/6047_ADS2/ADS-2-assignments/m18/ADS-2Exam-3/BinarySearchST.java:141: 'if' construct must use '{}'s. [NeedBraces]
[ERROR] /Users/apple/6047_ADS2/ADS-2-assignments/m18/ADS-2Exam-3/BinarySearchST.java:146: Line is longer than 80 characters (found 90). [LineLength]
[ERROR] /Users/apple/6047_ADS2/ADS-2-assignments/m18/ADS-2Exam-3/BinarySearchST.java:149: Line is longer than 80 characters (found 88). [LineLength]
[ERROR] /Users/apple/6047_ADS2/ADS-2-assignments/m18/ADS-2Exam-3/BinarySearchST.java:152:25: Parameter key should be final. [FinalParameters]
[ERROR] /Users/apple/6047_ADS2/ADS-2-assignments/m18/ADS-2Exam-3/BinarySearchST.java:153: 'if' construct must use '{}'s. [NeedBraces]
[ERROR] /Users/apple/6047_ADS2/ADS-2-assignments/m18/ADS-2Exam-3/BinarySearchST.java:153: Line is longer than 80 characters (found 98). [LineLength]
[ERROR] /Users/apple/6047_ADS2/ADS-2-assignments/m18/ADS-2Exam-3/BinarySearchST.java:159: 'if' construct must use '{}'s. [NeedBraces]
[ERROR] /Users/apple/6047_ADS2/ADS-2-assignments/m18/ADS-2Exam-3/BinarySearchST.java:160: 'if' construct must use '{}'s. [NeedBraces]
[ERROR] /Users/apple/6047_ADS2/ADS-2-assignments/m18/ADS-2Exam-3/BinarySearchST.java:161: 'else' construct must use '{}'s. [NeedBraces]
[ERROR] /Users/apple/6047_ADS2/ADS-2-assignments/m18/ADS-2Exam-3/BinarySearchST.java:169: Line is longer than 80 characters (found 90). [LineLength]
[ERROR] /Users/apple/6047_ADS2/ADS-2-assignments/m18/ADS-2Exam-3/BinarySearchST.java:170: Line is longer than 80 characters (found 91). [LineLength]
[ERROR] /Users/apple/6047_ADS2/ADS-2-assignments/m18/ADS-2Exam-3/BinarySearchST.java:171: Line is longer than 80 characters (found 86). [LineLength]
[ERROR] /Users/apple/6047_ADS2/ADS-2-assignments/m18/ADS-2Exam-3/BinarySearchST.java:178:25: Parameter key should be final. [FinalParameters]
[ERROR] /Users/apple/6047_ADS2/ADS-2-assignments/m18/ADS-2Exam-3/BinarySearchST.java:178:34: Parameter val should be final. [FinalParameters]
[ERROR] /Users/apple/6047_ADS2/ADS-2-assignments/m18/ADS-2Exam-3/BinarySearchST.java:179: 'if' construct must use '{}'s. [NeedBraces]
[ERROR] /Users/apple/6047_ADS2/ADS-2-assignments/m18/ADS-2Exam-3/BinarySearchST.java:179: Line is longer than 80 characters (found 103). [LineLength]
[ERROR] /Users/apple/6047_ADS2/ADS-2-assignments/m18/ADS-2Exam-3/BinarySearchST.java:195: 'if' construct must use '{}'s. [NeedBraces]
[ERROR] /Users/apple/6047_ADS2/ADS-2-assignments/m18/ADS-2Exam-3/BinarySearchST.java:215:28: Parameter key should be final. [FinalParameters]
[ERROR] /Users/apple/6047_ADS2/ADS-2-assignments/m18/ADS-2Exam-3/BinarySearchST.java:216: 'if' construct must use '{}'s. [NeedBraces]
[ERROR] /Users/apple/6047_ADS2/ADS-2-assignments/m18/ADS-2Exam-3/BinarySearchST.java:216: Line is longer than 80 characters (found 100). [LineLength]
[ERROR] /Users/apple/6047_ADS2/ADS-2-assignments/m18/ADS-2Exam-3/BinarySearchST.java:217: 'if' construct must use '{}'s. [NeedBraces]
[ERROR] /Users/apple/6047_ADS2/ADS-2-assignments/m18/ADS-2Exam-3/BinarySearchST.java:237: 'if' construct must use '{}'s. [NeedBraces]
[ERROR] /Users/apple/6047_ADS2/ADS-2-assignments/m18/ADS-2Exam-3/BinarySearchST.java:237:49: '4' is a magic number. [MagicNumber]
[ERROR] /Users/apple/6047_ADS2/ADS-2-assignments/m18/ADS-2Exam-3/BinarySearchST.java:248: 'if' construct must use '{}'s. [NeedBraces]
[ERROR] /Users/apple/6047_ADS2/ADS-2-assignments/m18/ADS-2Exam-3/BinarySearchST.java:248: Line is longer than 80 characters (found 96). [LineLength]
[ERROR] /Users/apple/6047_ADS2/ADS-2-assignments/m18/ADS-2Exam-3/BinarySearchST.java:258: 'if' construct must use '{}'s. [NeedBraces]
[ERROR] /Users/apple/6047_ADS2/ADS-2-assignments/m18/ADS-2Exam-3/BinarySearchST.java:258: Line is longer than 80 characters (found 96). [LineLength]
[ERROR] /Users/apple/6047_ADS2/ADS-2-assignments/m18/ADS-2Exam-3/BinarySearchST.java:263: Line is longer than 80 characters (found 84). [LineLength]
[ERROR] /Users/apple/6047_ADS2/ADS-2-assignments/m18/ADS-2Exam-3/BinarySearchST.java:265: Line is longer than 80 characters (found 85). [LineLength]
[ERROR] /Users/apple/6047_ADS2/ADS-2-assignments/m18/ADS-2Exam-3/BinarySearchST.java:274: 'if' construct must use '{}'s. [NeedBraces]
[ERROR] /Users/apple/6047_ADS2/ADS-2-assignments/m18/ADS-2Exam-3/BinarySearchST.java:274: Line is longer than 80 characters (found 104). [LineLength]
[ERROR] /Users/apple/6047_ADS2/ADS-2-assignments/m18/ADS-2Exam-3/BinarySearchST.java:285: 'if' construct must use '{}'s. [NeedBraces]
[ERROR] /Users/apple/6047_ADS2/ADS-2-assignments/m18/ADS-2Exam-3/BinarySearchST.java:285: Line is longer than 80 characters (found 104). [LineLength]
[ERROR] /Users/apple/6047_ADS2/ADS-2-assignments/m18/ADS-2Exam-3/BinarySearchST.java:297:27: Parameter k should be final. [FinalParameters]
[ERROR] /Users/apple/6047_ADS2/ADS-2-assignments/m18/ADS-2Exam-3/BinarySearchST.java:299: Line is longer than 80 characters (found 106). [LineLength]
[ERROR] /Users/apple/6047_ADS2/ADS-2-assignments/m18/ADS-2Exam-3/BinarySearchST.java:305: Line is longer than 80 characters (found 90). [LineLength]
[ERROR] /Users/apple/6047_ADS2/ADS-2-assignments/m18/ADS-2Exam-3/BinarySearchST.java:308: Line is longer than 80 characters (found 89). [LineLength]
[ERROR] /Users/apple/6047_ADS2/ADS-2-assignments/m18/ADS-2Exam-3/BinarySearchST.java:312:26: Parameter key should be final. [FinalParameters]
[ERROR] /Users/apple/6047_ADS2/ADS-2-assignments/m18/ADS-2Exam-3/BinarySearchST.java:313: 'if' construct must use '{}'s. [NeedBraces]
[ERROR] /Users/apple/6047_ADS2/ADS-2-assignments/m18/ADS-2Exam-3/BinarySearchST.java:313: Line is longer than 80 characters (found 99). [LineLength]
[ERROR] /Users/apple/6047_ADS2/ADS-2-assignments/m18/ADS-2Exam-3/BinarySearchST.java:315: 'if' construct must use '{}'s. [NeedBraces]
[ERROR] /Users/apple/6047_ADS2/ADS-2-assignments/m18/ADS-2Exam-3/BinarySearchST.java:316: 'if' construct must use '{}'s. [NeedBraces]
[ERROR] /Users/apple/6047_ADS2/ADS-2-assignments/m18/ADS-2Exam-3/BinarySearchST.java:317: 'else' construct must use '{}'s. [NeedBraces]
[ERROR] /Users/apple/6047_ADS2/ADS-2-assignments/m18/ADS-2Exam-3/BinarySearchST.java:321: Line is longer than 80 characters (found 94). [LineLength]
[ERROR] /Users/apple/6047_ADS2/ADS-2-assignments/m18/ADS-2Exam-3/BinarySearchST.java:324: Line is longer than 80 characters (found 93). [LineLength]
[ERROR] /Users/apple/6047_ADS2/ADS-2-assignments/m18/ADS-2Exam-3/BinarySearchST.java:328:28: Parameter key should be final. [FinalParameters]
[ERROR] /Users/apple/6047_ADS2/ADS-2-assignments/m18/ADS-2Exam-3/BinarySearchST.java:329: 'if' construct must use '{}'s. [NeedBraces]
[ERROR] /Users/apple/6047_ADS2/ADS-2-assignments/m18/ADS-2Exam-3/BinarySearchST.java:329: Line is longer than 80 characters (found 101). [LineLength]
[ERROR] /Users/apple/6047_ADS2/ADS-2-assignments/m18/ADS-2Exam-3/BinarySearchST.java:331: 'if' construct must use '{}'s. [NeedBraces]
[ERROR] /Users/apple/6047_ADS2/ADS-2-assignments/m18/ADS-2Exam-3/BinarySearchST.java:332: 'else' construct must use '{}'s. [NeedBraces]
[ERROR] /Users/apple/6047_ADS2/ADS-2-assignments/m18/ADS-2Exam-3/BinarySearchST.java:336: Line is longer than 80 characters (found 82). [LineLength]
[ERROR] /Users/apple/6047_ADS2/ADS-2-assignments/m18/ADS-2Exam-3/BinarySearchST.java:345:25: Parameter lo should be final. [FinalParameters]
[ERROR] /Users/apple/6047_ADS2/ADS-2-assignments/m18/ADS-2Exam-3/BinarySearchST.java:345:33: Parameter hi should be final. [FinalParameters]
[ERROR] /Users/apple/6047_ADS2/ADS-2-assignments/m18/ADS-2Exam-3/BinarySearchST.java:346: 'if' construct must use '{}'s. [NeedBraces]
[ERROR] /Users/apple/6047_ADS2/ADS-2-assignments/m18/ADS-2Exam-3/BinarySearchST.java:346: Line is longer than 80 characters (found 103). [LineLength]
[ERROR] /Users/apple/6047_ADS2/ADS-2-assignments/m18/ADS-2Exam-3/BinarySearchST.java:347: 'if' construct must use '{}'s. [NeedBraces]
[ERROR] /Users/apple/6047_ADS2/ADS-2-assignments/m18/ADS-2Exam-3/BinarySearchST.java:347: Line is longer than 80 characters (found 104). [LineLength]
[ERROR] /Users/apple/6047_ADS2/ADS-2-assignments/m18/ADS-2Exam-3/BinarySearchST.java:349: 'if' construct must use '{}'s. [NeedBraces]
[ERROR] /Users/apple/6047_ADS2/ADS-2-assignments/m18/ADS-2Exam-3/BinarySearchST.java:350: 'if' construct must use '{}'s. [NeedBraces]
[ERROR] /Users/apple/6047_ADS2/ADS-2-assignments/m18/ADS-2Exam-3/BinarySearchST.java:351: 'else' construct must use '{}'s. [NeedBraces]
[ERROR] /Users/apple/6047_ADS2/ADS-2-assignments/m18/ADS-2Exam-3/BinarySearchST.java:376:35: Parameter lo should be final. [FinalParameters]
[ERROR] /Users/apple/6047_ADS2/ADS-2-assignments/m18/ADS-2Exam-3/BinarySearchST.java:376:43: Parameter hi should be final. [FinalParameters]
[ERROR] /Users/apple/6047_ADS2/ADS-2-assignments/m18/ADS-2Exam-3/BinarySearchST.java:377: 'if' construct must use '{}'s. [NeedBraces]
[ERROR] /Users/apple/6047_ADS2/ADS-2-assignments/m18/ADS-2Exam-3/BinarySearchST.java:377: Line is longer than 80 characters (found 103). [LineLength]
[ERROR] /Users/apple/6047_ADS2/ADS-2-assignments/m18/ADS-2Exam-3/BinarySearchST.java:378: 'if' construct must use '{}'s. [NeedBraces]
[ERROR] /Users/apple/6047_ADS2/ADS-2-assignments/m18/ADS-2Exam-3/BinarySearchST.java:378: Line is longer than 80 characters (found 104). [LineLength]
[ERROR] /Users/apple/6047_ADS2/ADS-2-assignments/m18/ADS-2Exam-3/BinarySearchST.java:381: 'if' construct must use '{}'s. [NeedBraces]
[ERROR] /Users/apple/6047_ADS2/ADS-2-assignments/m18/ADS-2Exam-3/BinarySearchST.java:382: 'for' construct must use '{}'s. [NeedBraces]
[ERROR] /Users/apple/6047_ADS2/ADS-2-assignments/m18/ADS-2Exam-3/BinarySearchST.java:384: 'if' construct must use '{}'s. [NeedBraces]
[ERROR] /Users/apple/6047_ADS2/ADS-2-assignments/m18/ADS-2Exam-3/BinarySearchST.java:389: Line is longer than 80 characters (found 84). [LineLength]
[ERROR] /Users/apple/6047_ADS2/ADS-2-assignments/m18/ADS-2Exam-3/BinarySearchST.java:391: Line is longer than 80 characters (found 85). [LineLength]
[ERROR] /Users/apple/6047_ADS2/ADS-2-assignments/m18/ADS-2Exam-3/BinarySearchST.java:393: Expected @return tag. [JavadocMethod]
[ERROR] /Users/apple/6047_ADS2/ADS-2-assignments/m18/ADS-2Exam-3/BinarySearchST.java:398:9: Missing a Javadoc comment. [JavadocMethod]
[ERROR] /Users/apple/6047_ADS2/ADS-2-assignments/m18/ADS-2Exam-3/BinarySearchST.java:399: 'for' construct must use '{}'s. [NeedBraces]
[ERROR] /Users/apple/6047_ADS2/ADS-2-assignments/m18/ADS-2Exam-3/BinarySearchST.java:400: 'if' construct must use '{}'s. [NeedBraces]
[ERROR] /Users/apple/6047_ADS2/ADS-2-assignments/m18/ADS-2Exam-3/BinarySearchST.java:405:9: Missing a Javadoc comment. [JavadocMethod]
[ERROR] /Users/apple/6047_ADS2/ADS-2-assignments/m18/ADS-2Exam-3/BinarySearchST.java:406: 'for' construct must use '{}'s. [NeedBraces]
[ERROR] /Users/apple/6047_ADS2/ADS-2-assignments/m18/ADS-2Exam-3/BinarySearchST.java:407: 'if' construct must use '{}'s. [NeedBraces]
[ERROR] /Users/apple/6047_ADS2/ADS-2-assignments/m18/ADS-2Exam-3/BinarySearchST.java:408: 'for' construct must use '{}'s. [NeedBraces]
[ERROR] /Users/apple/6047_ADS2/ADS-2-assignments/m18/ADS-2Exam-3/BinarySearchST.java:409: 'if' construct must use '{}'s. [NeedBraces]
[ERROR] /Users/apple/6047_ADS2/ADS-2-assignments/m18/ADS-2Exam-3/BinarySearchST.java:409: Line is longer than 80 characters (found 88). [LineLength]
Audit done.
Checkstyle ends with 102 errors.
